e:\712雷达\712相关文件\712生产版源码\偏心修正加模拟agv模块\(v10.4 中批修改)导航生产上位机 自动偏心修正0604 cfile加了close 回零100改50\(v10.4 中批修改)导航生产上位机\laser\debug\laser.pch
e:\712雷达\712相关文件\712生产版源码\偏心修正加模拟agv模块\(v10.4 中批修改)导航生产上位机 自动偏心修正0604 cfile加了close 回零100改50\(v10.4 中批修改)导航生产上位机\laser\debug\stdafx.obj
e:\712雷达\712相关文件\712生产版源码\偏心修正加模拟agv模块\(v10.4 中批修改)导航生产上位机 自动偏心修正0604 cfile加了close 回零100改50\(v10.4 中批修改)导航生产上位机\laser\debug\vc100.pdb
e:\712雷达\712相关文件\712生产版源码\偏心修正加模拟agv模块\(v10.4 中批修改)导航生产上位机 自动偏心修正0604 cfile加了close 回零100改50\(v10.4 中批修改)导航生产上位机\laser\debug\trendfunction.obj
e:\712雷达\712相关文件\712生产版源码\偏心修正加模拟agv模块\(v10.4 中批修改)导航生产上位机 自动偏心修正0604 cfile加了close 回零100改50\(v10.4 中批修改)导航生产上位机\laser\debug\trisurfaceseries.obj
e:\712雷达\712相关文件\712生产版源码\偏心修正加模拟agv模块\(v10.4 中批修改)导航生产上位机 自动偏心修正0604 cfile加了close 回零100改50\(v10.4 中批修改)导航生产上位机\laser\debug\valuelist.obj
e:\712雷达\712相关文件\712生产版源码\偏心修正加模拟agv模块\(v10.4 中批修改)导航生产上位机 自动偏心修正0604 cfile加了close 回零100改50\(v10.4 中批修改)导航生产上位机\laser\debug\valuelists.obj
e:\712雷达\712相关文件\712生产版源码\偏心修正加模拟agv模块\(v10.4 中批修改)导航生产上位机 自动偏心修正0604 cfile加了close 回零100改50\(v10.4 中批修改)导航生产上位机\laser\debug\vector3dseries.obj
e:\712雷达\712相关文件\712生产版源码\偏心修正加模拟agv模块\(v10.4 中批修改)导航生产上位机 自动偏心修正0604 cfile加了close 回零100改50\(v10.4 中批修改)导航生产上位机\laser\debug\videoplayertool.obj
e:\712雷达\712相关文件\712生产版源码\偏心修正加模拟agv模块\(v10.4 中批修改)导航生产上位机 自动偏心修正0604 cfile加了close 回零100改50\(v10.4 中批修改)导航生产上位机\laser\debug\videotool.obj
e:\712雷达\712相关文件\712生产版源码\偏心修正加模拟agv模块\(v10.4 中批修改)导航生产上位机 自动偏心修正0604 cfile加了close 回零100改50\(v10.4 中批修改)导航生产上位机\laser\debug\volumepipeseries.obj
e:\712雷达\712相关文件\712生产版源码\偏心修正加模拟agv模块\(v10.4 中批修改)导航生产上位机 自动偏心修正0604 cfile加了close 回零100改50\(v10.4 中批修改)导航生产上位机\laser\debug\volumeseries.obj
e:\712雷达\712相关文件\712生产版源码\偏心修正加模拟agv模块\(v10.4 中批修改)导航生产上位机 自动偏心修正0604 cfile加了close 回零100改50\(v10.4 中批修改)导航生产上位机\laser\debug\wall.obj
e:\712雷达\712相关文件\712生产版源码\偏心修正加模拟agv模块\(v10.4 中批修改)导航生产上位机 自动偏心修正0604 cfile加了close 回零100改50\(v10.4 中批修改)导航生产上位机\laser\debug\walls.obj
e:\712雷达\712相关文件\712生产版源码\偏心修正加模拟agv模块\(v10.4 中批修改)导航生产上位机 自动偏心修正0604 cfile加了close 回零100改50\(v10.4 中批修改)导航生产上位机\laser\debug\waterfallseries.obj
e:\712雷达\712相关文件\712生产版源码\偏心修正加模拟agv模块\(v10.4 中批修改)导航生产上位机 自动偏心修正0604 cfile加了close 回零100改50\(v10.4 中批修改)导航生产上位机\laser\debug\windroseseries.obj
e:\712雷达\712相关文件\712生产版源码\偏心修正加模拟agv模块\(v10.4 中批修改)导航生产上位机 自动偏心修正0604 cfile加了close 回零100改50\(v10.4 中批修改)导航生产上位机\laser\debug\worldseries.obj
e:\712雷达\712相关文件\712生产版源码\偏心修正加模拟agv模块\(v10.4 中批修改)导航生产上位机 自动偏心修正0604 cfile加了close 回零100改50\(v10.4 中批修改)导航生产上位机\laser\debug\xamlexport.obj
e:\712雷达\712相关文件\712生产版源码\偏心修正加模拟agv模块\(v10.4 中批修改)导航生产上位机 自动偏心修正0604 cfile加了close 回零100改50\(v10.4 中批修改)导航生产上位机\laser\debug\xlsexport.obj
e:\712雷达\712相关文件\712生产版源码\偏心修正加模拟agv模块\(v10.4 中批修改)导航生产上位机 自动偏心修正0604 cfile加了close 回零100改50\(v10.4 中批修改)导航生产上位机\laser\debug\xmlexport.obj
e:\712雷达\712相关文件\712生产版源码\偏心修正加模拟agv模块\(v10.4 中批修改)导航生产上位机 自动偏心修正0604 cfile加了close 回零100改50\(v10.4 中批修改)导航生产上位机\laser\debug\zoom.obj
e:\712雷达\712相关文件\712生产版源码\偏心修正加模拟agv模块\(v10.4 中批修改)导航生产上位机 自动偏心修正0604 cfile加了close 回零100改50\(v10.4 中批修改)导航生产上位机\laser\debug\zoomfilter.obj
e:\712雷达\712相关文件\712生产版源码\偏心修正加模拟agv模块\(v10.4 中批修改)导航生产上位机 自动偏心修正0604 cfile加了close 回零100改50\(v10.4 中批修改)导航生产上位机\laser\debug\writelog.obj
e:\712雷达\712相关文件\712生产版源码\偏心修正加模拟agv模块\(v10.4 中批修改)导航生产上位机 自动偏心修正0604 cfile加了close 回零100改50\(v10.4 中批修改)导航生产上位机\laser\debug\teecustomshape.obj
e:\712雷达\712相关文件\712生产版源码\偏心修正加模拟agv模块\(v10.4 中批修改)导航生产上位机 自动偏心修正0604 cfile加了close 回零100改50\(v10.4 中批修改)导航生产上位机\laser\debug\teefilter.obj
e:\712雷达\712相关文件\712生产版源码\偏心修正加模拟agv模块\(v10.4 中批修改)导航生产上位机 自动偏心修正0604 cfile加了close 回零100改50\(v10.4 中批修改)导航生产上位机\laser\debug\teefont.obj
e:\712雷达\712相关文件\712生产版源码\偏心修正加模拟agv模块\(v10.4 中批修改)导航生产上位机 自动偏心修正0604 cfile加了close 回零100改50\(v10.4 中批修改)导航生产上位机\laser\debug\teefunction.obj
e:\712雷达\712相关文件\712生产版源码\偏心修正加模拟agv模块\(v10.4 中批修改)导航生产上位机 自动偏心修正0604 cfile加了close 回零100改50\(v10.4 中批修改)导航生产上位机\laser\debug\teeopengl.obj
e:\712雷达\712相关文件\712生产版源码\偏心修正加模拟agv模块\(v10.4 中批修改)导航生产上位机 自动偏心修正0604 cfile加了close 回零100改50\(v10.4 中批修改)导航生产上位机\laser\debug\teepicture.obj
e:\712雷达\712相关文件\712生产版源码\偏心修正加模拟agv模块\(v10.4 中批修改)导航生产上位机 自动偏心修正0604 cfile加了close 回零100改50\(v10.4 中批修改)导航生产上位机\laser\debug\teepoint2d.obj
e:\712雷达\712相关文件\712生产版源码\偏心修正加模拟agv模块\(v10.4 中批修改)导航生产上位机 自动偏心修正0604 cfile加了close 回零100改50\(v10.4 中批修改)导航生产上位机\laser\debug\teepoint3d.obj
e:\712雷达\712相关文件\712生产版源码\偏心修正加模拟agv模块\(v10.4 中批修改)导航生产上位机 自动偏心修正0604 cfile加了close 回零100改50\(v10.4 中批修改)导航生产上位机\laser\debug\teerect.obj
e:\712雷达\712相关文件\712生产版源码\偏心修正加模拟agv模块\(v10.4 中批修改)导航生产上位机 自动偏心修正0604 cfile加了close 回零100改50\(v10.4 中批修改)导航生产上位机\laser\debug\teeshadow.obj
e:\712雷达\712相关文件\712生产版源码\偏心修正加模拟agv模块\(v10.4 中批修改)导航生产上位机 自动偏心修正0604 cfile加了close 回零100改50\(v10.4 中批修改)导航生产上位机\laser\debug\teeshape.obj
e:\712雷达\712相关文件\712生产版源码\偏心修正加模拟agv模块\(v10.4 中批修改)导航生产上位机 自动偏心修正0604 cfile加了close 回零100改50\(v10.4 中批修改)导航生产上位机\laser\debug\teeshapepanel.obj
e:\712雷达\712相关文件\712生产版源码\偏心修正加模拟agv模块\(v10.4 中批修改)导航生产上位机 自动偏心修正0604 cfile加了close 回零100改50\(v10.4 中批修改)导航生产上位机\laser\debug\text3dtool.obj
e:\712雷达\712相关文件\712生产版源码\偏心修正加模拟agv模块\(v10.4 中批修改)导航生产上位机 自动偏心修正0604 cfile加了close 回零100改50\(v10.4 中批修改)导航生产上位机\laser\debug\textexport.obj
e:\712雷达\712相关文件\712生产版源码\偏心修正加模拟agv模块\(v10.4 中批修改)导航生产上位机 自动偏心修正0604 cfile加了close 回零100改50\(v10.4 中批修改)导航生产上位机\laser\debug\tilefilter.obj
e:\712雷达\712相关文件\712生产版源码\偏心修正加模拟agv模块\(v10.4 中批修改)导航生产上位机 自动偏心修正0604 cfile加了close 回零100改50\(v10.4 中批修改)导航生产上位机\laser\debug\titles.obj
e:\712雷达\712相关文件\712生产版源码\偏心修正加模拟agv模块\(v10.4 中批修改)导航生产上位机 自动偏心修正0604 cfile加了close 回零100改50\(v10.4 中批修改)导航生产上位机\laser\debug\toollist.obj
e:\712雷达\712相关文件\712生产版源码\偏心修正加模拟agv模块\(v10.4 中批修改)导航生产上位机 自动偏心修正0604 cfile加了close 回零100改50\(v10.4 中批修改)导航生产上位机\laser\debug\tools.obj
e:\712雷达\712相关文件\712生产版源码\偏心修正加模拟agv模块\(v10.4 中批修改)导航生产上位机 自动偏心修正0604 cfile加了close 回零100改50\(v10.4 中批修改)导航生产上位机\laser\debug\towerseries.obj
e:\712雷达\712相关文件\712生产版源码\偏心修正加模拟agv模块\(v10.4 中批修改)导航生产上位机 自动偏心修正0604 cfile加了close 回零100改50\(v10.4 中批修改)导航生产上位机\laser\debug\transposeseriestool.obj
e:\712雷达\712相关文件\712生产版源码\偏心修正加模拟agv模块\(v10.4 中批修改)导航生产上位机 自动偏心修正0604 cfile加了close 回零100改50\(v10.4 中批修改)导航生产上位机\laser\debug\seriesregiontool.obj
e:\712雷达\712相关文件\712生产版源码\偏心修正加模拟agv模块\(v10.4 中批修改)导航生产上位机 自动偏心修正0604 cfile加了close 回零100改50\(v10.4 中批修改)导航生产上位机\laser\debug\seriesstatstool.obj
e:\712雷达\712相关文件\712生产版源码\偏心修正加模拟agv模块\(v10.4 中批修改)导航生产上位机 自动偏心修正0604 cfile加了close 回零100改50\(v10.4 中批修改)导航生产上位机\laser\debug\shapeseries.obj
e:\712雷达\712相关文件\712生产版源码\偏心修正加模拟agv模块\(v10.4 中批修改)导航生产上位机 自动偏心修正0604 cfile加了close 回零100改50\(v10.4 中批修改)导航生产上位机\laser\debug\sharpenfilter.obj
e:\712雷达\712相关文件\712生产版源码\偏心修正加模拟agv模块\(v10.4 中批修改)导航生产上位机 自动偏心修正0604 cfile加了close 回零100改50\(v10.4 中批修改)导航生产上位机\laser\debug\smithseries.obj
e:\712雷达\712相关文件\712生产版源码\偏心修正加模拟agv模块\(v10.4 中批修改)导航生产上位机 自动偏心修正0604 cfile加了close 回零100改50\(v10.4 中批修改)导航生产上位机\laser\debug\smoothingfunction.obj
e:\712雷达\712相关文件\712生产版源码\偏心修正加模拟agv模块\(v10.4 中批修改)导航生产上位机 自动偏心修正0604 cfile加了close 回零100改50\(v10.4 中批修改)导航生产上位机\laser\debug\smoothpoints.obj
e:\712雷达\712相关文件\712生产版源码\偏心修正加模拟agv模块\(v10.4 中批修改)导航生产上位机 自动偏心修正0604 cfile加了close 回零100改50\(v10.4 中批修改)导航生产上位机\laser\debug\softenfilter.obj
e:\712雷达\712相关文件\712生产版源码\偏心修正加模拟agv模块\(v10.4 中批修改)导航生产上位机 自动偏心修正0604 cfile加了close 回零100改50\(v10.4 中批修改)导航生产上位机\laser\debug\spacing.obj
e:\712雷达\712相关文件\712生产版源码\偏心修正加模拟agv模块\(v10.4 中批修改)导航生产上位机 自动偏心修正0604 cfile加了close 回零100改50\(v10.4 中批修改)导航生产上位机\laser\debug\stddeviationfunction.obj
e:\712雷达\712相关文件\712生产版源码\偏心修正加模拟agv模块\(v10.4 中批修改)导航生产上位机 自动偏心修正0604 cfile加了close 回零100改50\(v10.4 中批修改)导航生产上位机\laser\debug\strings.obj
e:\712雷达\712相关文件\712生产版源码\偏心修正加模拟agv模块\(v10.4 中批修改)导航生产上位机 自动偏心修正0604 cfile加了close 回零100改50\(v10.4 中批修改)导航生产上位机\laser\debug\subgradient.obj
e:\712雷达\712相关文件\712生产版源码\偏心修正加模拟agv模块\(v10.4 中批修改)导航生产上位机 自动偏心修正0604 cfile加了close 回零100改50\(v10.4 中批修改)导航生产上位机\laser\debug\subsetteefunction.obj
e:\712雷达\712相关文件\712生产版源码\偏心修正加模拟agv模块\(v10.4 中批修改)导航生产上位机 自动偏心修正0604 cfile加了close 回零100改50\(v10.4 中批修改)导航生产上位机\laser\debug\surfacenearesttool.obj
e:\712雷达\712相关文件\712生产版源码\偏心修正加模拟agv模块\(v10.4 中批修改)导航生产上位机 自动偏心修正0604 cfile加了close 回零100改50\(v10.4 中批修改)导航生产上位机\laser\debug\surfaceseries.obj
e:\712雷达\712相关文件\712生产版源码\偏心修正加模拟agv模块\(v10.4 中批修改)导航生产上位机 自动偏心修正0604 cfile加了close 回零100改50\(v10.4 中批修改)导航生产上位机\laser\debug\surfacesides.obj
e:\712雷达\712相关文件\712生产版源码\偏心修正加模拟agv模块\(v10.4 中批修改)导航生产上位机 自动偏心修正0604 cfile加了close 回零100改50\(v10.4 中批修改)导航生产上位机\laser\debug\svgexport.obj
e:\712雷达\712相关文件\712生产版源码\偏心修正加模拟agv模块\(v10.4 中批修改)导航生产上位机 自动偏心修正0604 cfile加了close 回零100改50\(v10.4 中批修改)导航生产上位机\laser\debug\tablelegend.obj
e:\712雷达\712相关文件\712生产版源码\偏心修正加模拟agv模块\(v10.4 中批修改)导航生产上位机 自动偏心修正0604 cfile加了close 回零100改50\(v10.4 中批修改)导航生产上位机\laser\debug\tagcloudseries.obj
e:\712雷达\712相关文件\712生产版源码\偏心修正加模拟agv模块\(v10.4 中批修改)导航生产上位机 自动偏心修正0604 cfile加了close 回零100改50\(v10.4 中批修改)导航生产上位机\laser\debug\tchart.obj
e:\712雷达\712相关文件\712生产版源码\偏心修正加模拟agv模块\(v10.4 中批修改)导航生产上位机 自动偏心修正0604 cfile加了close 回零100改50\(v10.4 中批修改)导航生产上位机\laser\debug\radarseries.obj
e:\712雷达\712相关文件\712生产版源码\偏心修正加模拟agv模块\(v10.4 中批修改)导航生产上位机 自动偏心修正0604 cfile加了close 回零100改50\(v10.4 中批修改)导航生产上位机\laser\debug\rectangletool.obj
e:\712雷达\712相关文件\712生产版源码\偏心修正加模拟agv模块\(v10.4 中批修改)导航生产上位机 自动偏心修正0604 cfile加了close 回零100改50\(v10.4 中批修改)导航生产上位机\laser\debug\renkoseries.obj
e:\712雷达\712相关文件\712生产版源码\偏心修正加模拟agv模块\(v10.4 中批修改)导航生产上位机 自动偏心修正0604 cfile加了close 回零100改50\(v10.4 中批修改)导航生产上位机\laser\debug\resizefilter.obj
e:\712雷达\712相关文件\712生产版源码\偏心修正加模拟agv模块\(v10.4 中批修改)导航生产上位机 自动偏心修正0604 cfile加了close 回零100改50\(v10.4 中批修改)导航生产上位机\laser\debug\rmsfunction.obj
e:\712雷达\712相关文件\712生产版源码\偏心修正加模拟agv模块\(v10.4 中批修改)导航生产上位机 自动偏心修正0604 cfile加了close 回零100改50\(v10.4 中批修改)导航生产上位机\laser\debug\rotatefilter.obj
e:\712雷达\712相关文件\712生产版源码\偏心修正加模拟agv模块\(v10.4 中批修改)导航生产上位机 自动偏心修正0604 cfile加了close 回零100改50\(v10.4 中批修改)导航生产上位机\laser\debug\rotatetool.obj
e:\712雷达\712相关文件\712生产版源码\偏心修正加模拟agv模块\(v10.4 中批修改)导航生产上位机 自动偏心修正0604 cfile加了close 回零100改50\(v10.4 中批修改)导航生产上位机\laser\debug\rsifunction.obj
e:\712雷达\712相关文件\712生产版源码\偏心修正加模拟agv模块\(v10.4 中批修改)导航生产上位机 自动偏心修正0604 cfile加了close 回零100改50\(v10.4 中批修改)导航生产上位机\laser\debug\sarfunction.obj
e:\712雷达\712相关文件\712生产版源码\偏心修正加模拟agv模块\(v10.4 中批修改)导航生产上位机 自动偏心修正0604 cfile加了close 回零100改50\(v10.4 中批修改)导航生产上位机\laser\debug\scroll.obj
e:\712雷达\712相关文件\712生产版源码\偏心修正加模拟agv模块\(v10.4 中批修改)导航生产上位机 自动偏心修正0604 cfile加了close 回零100改50\(v10.4 中批修改)导航生产上位机\laser\debug\scrollbarthumb.obj
e:\712雷达\712相关文件\712生产版源码\偏心修正加模拟agv模块\(v10.4 中批修改)导航生产上位机 自动偏心修正0604 cfile加了close 回零100改50\(v10.4 中批修改)导航生产上位机\laser\debug\selectortool.obj
e:\712雷达\712相关文件\712生产版源码\偏心修正加模拟agv模块\(v10.4 中批修改)导航生产上位机 自动偏心修正0604 cfile加了close 回零100改50\(v10.4 中批修改)导航生产上位机\laser\debug\series.obj
e:\712雷达\712相关文件\712生产版源码\偏心修正加模拟agv模块\(v10.4 中批修改)导航生产上位机 自动偏心修正0604 cfile加了close 回零100改50\(v10.4 中批修改)导航生产上位机\laser\debug\seriesanimationtool.obj
e:\712雷达\712相关文件\712生产版源码\偏心修正加模拟agv模块\(v10.4 中批修改)导航生产上位机 自动偏心修正0604 cfile加了close 回零100改50\(v10.4 中批修改)导航生产上位机\laser\debug\seriesbandtool.obj
e:\712雷达\712相关文件\712生产版源码\偏心修正加模拟agv模块\(v10.4 中批修改)导航生产上位机 自动偏心修正0604 cfile加了close 回零100改50\(v10.4 中批修改)导航生产上位机\laser\debug\seriesgroup.obj
e:\712雷达\712相关文件\712生产版源码\偏心修正加模拟agv模块\(v10.4 中批修改)导航生产上位机 自动偏心修正0604 cfile加了close 回零100改50\(v10.4 中批修改)导航生产上位机\laser\debug\seriesgroups.obj
e:\712雷达\712相关文件\712生产版源码\偏心修正加模拟agv模块\(v10.4 中批修改)导航生产上位机 自动偏心修正0604 cfile加了close 回零100改50\(v10.4 中批修改)导航生产上位机\laser\debug\serieslist.obj
e:\712雷达\712相关文件\712生产版源码\偏心修正加模拟agv模块\(v10.4 中批修改)导航生产上位机 自动偏心修正0604 cfile加了close 回零100改50\(v10.4 中批修改)导航生产上位机\laser\debug\seriesmarkposition.obj
e:\712雷达\712相关文件\712生产版源码\偏心修正加模拟agv模块\(v10.4 中批修改)导航生产上位机 自动偏心修正0604 cfile加了close 回零100改50\(v10.4 中批修改)导航生产上位机\laser\debug\seriesmarkspositions.obj
e:\712雷达\712相关文件\712生产版源码\偏心修正加模拟agv模块\(v10.4 中批修改)导航生产上位机 自动偏心修正0604 cfile加了close 回零100改50\(v10.4 中批修改)导航生产上位机\laser\debug\pdfexport.obj
e:\712雷达\712相关文件\712生产版源码\偏心修正加模拟agv模块\(v10.4 中批修改)导航生产上位机 自动偏心修正0604 cfile加了close 回零100改50\(v10.4 中批修改)导航生产上位机\laser\debug\pen.obj
e:\712雷达\712相关文件\712生产版源码\偏心修正加模拟agv模块\(v10.4 中批修改)导航生产上位机 自动偏心修正0604 cfile加了close 回零100改50\(v10.4 中批修改)导航生产上位机\laser\debug\performancefunction.obj
e:\712雷达\712相关文件\712生产版源码\偏心修正加模拟agv模块\(v10.4 中批修改)导航生产上位机 自动偏心修正0604 cfile加了close 回零100改50\(v10.4 中批修改)导航生产上位机\laser\debug\piemarks.obj
e:\712雷达\712相关文件\712生产版源码\偏心修正加模拟agv模块\(v10.4 中批修改)导航生产上位机 自动偏心修正0604 cfile加了close 回零100改50\(v10.4 中批修改)导航生产上位机\laser\debug\pieotherslice.obj
e:\712雷达\712相关文件\712生产版源码\偏心修正加模拟agv模块\(v10.4 中批修改)导航生产上位机 自动偏心修正0604 cfile加了close 回零100改50\(v10.4 中批修改)导航生产上位机\laser\debug\pieseries.obj
e:\712雷达\712相关文件\712生产版源码\偏心修正加模拟agv模块\(v10.4 中批修改)导航生产上位机 自动偏心修正0604 cfile加了close 回零100改50\(v10.4 中批修改)导航生产上位机\laser\debug\pietool.obj
e:\712雷达\712相关文件\712生产版源码\偏心修正加模拟agv模块\(v10.4 中批修改)导航生产上位机 自动偏心修正0604 cfile加了close 回零100改50\(v10.4 中批修改)导航生产上位机\laser\debug\pngexport.obj
e:\712雷达\712相关文件\712生产版源码\偏心修正加模拟agv模块\(v10.4 中批修改)导航生产上位机 自动偏心修正0604 cfile加了close 回零100改50\(v10.4 中批修改)导航生产上位机\laser\debug\point3dseries.obj
e:\712雷达\712相关文件\712生产版源码\偏心修正加模拟agv模块\(v10.4 中批修改)导航生产上位机 自动偏心修正0604 cfile加了close 回零100改50\(v10.4 中批修改)导航生产上位机\laser\debug\pointarray.obj
e:\712雷达\712相关文件\712生产版源码\偏心修正加模拟agv模块\(v10.4 中批修改)导航生产上位机 自动偏心修正0604 cfile加了close 回零100改50\(v10.4 中批修改)导航生产上位机\laser\debug\pointer.obj
e:\712雷达\712相关文件\712生产版源码\偏心修正加模拟agv模块\(v10.4 中批修改)导航生产上位机 自动偏心修正0604 cfile加了close 回零100改50\(v10.4 中批修改)导航生产上位机\laser\debug\pointfigureseries.obj
e:\712雷达\712相关文件\712生产版源码\偏心修正加模拟agv模块\(v10.4 中批修改)导航生产上位机 自动偏心修正0604 cfile加了close 回零100改50\(v10.4 中批修改)导航生产上位机\laser\debug\pointseries.obj
e:\712雷达\712相关文件\712生产版源码\偏心修正加模拟agv模块\(v10.4 中批修改)导航生产上位机 自动偏心修正0604 cfile加了close 回零100改50\(v10.4 中批修改)导航生产上位机\laser\debug\polarbarseries.obj
e:\712雷达\712相关文件\712生产版源码\偏心修正加模拟agv模块\(v10.4 中批修改)导航生产上位机 自动偏心修正0604 cfile加了close 回零100改50\(v10.4 中批修改)导航生产上位机\laser\debug\polargridseries.obj
e:\712雷达\712相关文件\712生产版源码\偏心修正加模拟agv模块\(v10.4 中批修改)导航生产上位机 自动偏心修正0604 cfile加了close 回零100改50\(v10.4 中批修改)导航生产上位机\laser\debug\polarseries.obj
e:\712雷达\712相关文件\712生产版源码\偏心修正加模拟agv模块\(v10.4 中批修改)导航生产上位机 自动偏心修正0604 cfile加了close 回零100改50\(v10.4 中批修改)导航生产上位机\laser\debug\printer.obj
e:\712雷达\712相关文件\712生产版源码\偏心修正加模拟agv模块\(v10.4 中批修改)导航生产上位机 自动偏心修正0604 cfile加了close 回零100改50\(v10.4 中批修改)导航生产上位机\laser\debug\printersettings.obj
e:\712雷达\712相关文件\712生产版源码\偏心修正加模拟agv模块\(v10.4 中批修改)导航生产上位机 自动偏心修正0604 cfile加了close 回零100改50\(v10.4 中批修改)导航生产上位机\laser\debug\pvofunction.obj
e:\712雷达\712相关文件\712生产版源码\偏心修正加模拟agv模块\(v10.4 中批修改)导航生产上位机 自动偏心修正0604 cfile加了close 回零100改50\(v10.4 中批修改)导航生产上位机\laser\debug\pyramidseries.obj
e:\712雷达\712相关文件\712生产版源码\偏心修正加模拟agv模块\(v10.4 中批修改)导航生产上位机 自动偏心修正0604 cfile加了close 回零100改50\(v10.4 中批修改)导航生产上位机\laser\debug\markstiptool.obj
e:\712雷达\712相关文件\712生产版源码\偏心修正加模拟agv模块\(v10.4 中批修改)导航生产上位机 自动偏心修正0604 cfile加了close 回零100改50\(v10.4 中批修改)导航生产上位机\laser\debug\medianfunction.obj
e:\712雷达\712相关文件\712生产版源码\偏心修正加模拟agv模块\(v10.4 中批修改)导航生产上位机 自动偏心修正0604 cfile加了close 回零100改50\(v10.4 中批修改)导航生产上位机\laser\debug\metafileexport.obj
e:\712雷达\712相关文件\712生产版源码\偏心修正加模拟agv模块\(v10.4 中批修改)导航生产上位机 自动偏心修正0604 cfile加了close 回零100改50\(v10.4 中批修改)导航生产上位机\laser\debug\mirrorfilter.obj
e:\712雷达\712相关文件\712生产版源码\偏心修正加模拟agv模块\(v10.4 中批修改)导航生产上位机 自动偏心修正0604 cfile加了close 回零100改50\(v10.4 中批修改)导航生产上位机\laser\debug\modefunction.obj
e:\712雷达\712相关文件\712生产版源码\偏心修正加模拟agv模块\(v10.4 中批修改)导航生产上位机 自动偏心修正0604 cfile加了close 回零100改50\(v10.4 中批修改)导航生产上位机\laser\debug\mosaicfilter.obj
e:\712雷达\712相关文件\712生产版源码\偏心修正加模拟agv模块\(v10.4 中批修改)导航生产上位机 自动偏心修正0604 cfile加了close 回零100改50\(v10.4 中批修改)导航生产上位机\laser\debug\movingavgfunction.obj
e:\712雷达\712相关文件\712生产版源码\偏心修正加模拟agv模块\(v10.4 中批修改)导航生产上位机 自动偏心修正0604 cfile加了close 回零100改50\(v10.4 中批修改)导航生产上位机\laser\debug\nativeexport.obj
e:\712雷达\712相关文件\712生产版源码\偏心修正加模拟agv模块\(v10.4 中批修改)导航生产上位机 自动偏心修正0604 cfile加了close 回零100改50\(v10.4 中批修改)导航生产上位机\laser\debug\nearesttool.obj
e:\712雷达\712相关文件\712生产版源码\偏心修正加模拟agv模块\(v10.4 中批修改)导航生产上位机 自动偏心修正0604 cfile加了close 回零100改50\(v10.4 中批修改)导航生产上位机\laser\debug\numericgauge.obj
e:\712雷达\712相关文件\712生产版源码\偏心修正加模拟agv模块\(v10.4 中批修改)导航生产上位机 自动偏心修正0604 cfile加了close 回零100改50\(v10.4 中批修改)导航生产上位机\laser\debug\numericmarker.obj
e:\712雷达\712相关文件\712生产版源码\偏心修正加模拟agv模块\(v10.4 中批修改)导航生产上位机 自动偏心修正0604 cfile加了close 回零100改50\(v10.4 中批修改)导航生产上位机\laser\debug\obvfunction.obj
e:\712雷达\712相关文件\712生产版源码\偏心修正加模拟agv模块\(v10.4 中批修改)导航生产上位机 自动偏心修正0604 cfile加了close 回零100改50\(v10.4 中批修改)导航生产上位机\laser\debug\orgitem.obj
e:\712雷达\712相关文件\712生产版源码\偏心修正加模拟agv模块\(v10.4 中批修改)导航生产上位机 自动偏心修正0604 cfile加了close 回零100改50\(v10.4 中批修改)导航生产上位机\laser\debug\orgitemcollection.obj
e:\712雷达\712相关文件\712生产版源码\偏心修正加模拟agv模块\(v10.4 中批修改)导航生产上位机 自动偏心修正0604 cfile加了close 回零100改50\(v10.4 中批修改)导航生产上位机\laser\debug\orgseries.obj
e:\712雷达\712相关文件\712生产版源码\偏心修正加模拟agv模块\(v10.4 中批修改)导航生产上位机 自动偏心修正0604 cfile加了close 回零100改50\(v10.4 中批修改)导航生产上位机\laser\debug\orgshape.obj
e:\712雷达\712相关文件\712生产版源码\偏心修正加模拟agv模块\(v10.4 中批修改)导航生产上位机 自动偏心修正0604 cfile加了close 回零100改50\(v10.4 中批修改)导航生产上位机\laser\debug\page.obj
e:\712雷达\712相关文件\712生产版源码\偏心修正加模拟agv模块\(v10.4 中批修改)导航生产上位机 自动偏心修正0604 cfile加了close 回零100改50\(v10.4 中批修改)导航生产上位机\laser\debug\pagenumtool.obj
e:\712雷达\712相关文件\712生产版源码\偏心修正加模拟agv模块\(v10.4 中批修改)导航生产上位机 自动偏心修正0604 cfile加了close 回零100改50\(v10.4 中批修改)导航生产上位机\laser\debug\panel.obj
e:\712雷达\712相关文件\712生产版源码\偏心修正加模拟agv模块\(v10.4 中批修改)导航生产上位机 自动偏心修正0604 cfile加了close 回零100改50\(v10.4 中批修改)导航生产上位机\laser\debug\pcxexport.obj
e:\712雷达\712相关文件\712生产版源码\偏心修正加模拟agv模块\(v10.4 中批修改)导航生产上位机 自动偏心修正0604 cfile加了close 回零100改50\(v10.4 中批修改)导航生产上位机\laser\debug\legenditems.obj
e:\712雷达\712相关文件\712生产版源码\偏心修正加模拟agv模块\(v10.4 中批修改)导航生产上位机 自动偏心修正0604 cfile加了close 回零100改50\(v10.4 中批修改)导航生产上位机\laser\debug\legendpalettetool.obj
e:\712雷达\712相关文件\712生产版源码\偏心修正加模拟agv模块\(v10.4 中批修改)导航生产上位机 自动偏心修正0604 cfile加了close 回零100改50\(v10.4 中批修改)导航生产上位机\laser\debug\legendscrollbartool.obj
e:\712雷达\712相关文件\712生产版源码\偏心修正加模拟agv模块\(v10.4 中批修改)导航生产上位机 自动偏心修正0604 cfile加了close 回零100改50\(v10.4 中批修改)导航生产上位机\laser\debug\legendsymbol.obj
e:\712雷达\712相关文件\712生产版源码\偏心修正加模拟agv模块\(v10.4 中批修改)导航生产上位机 自动偏心修正0604 cfile加了close 回零100改50\(v10.4 中批修改)导航生产上位机\laser\debug\legendtitle.obj
e:\712雷达\712相关文件\712生产版源码\偏心修正加模拟agv模块\(v10.4 中批修改)导航生产上位机 自动偏心修正0604 cfile加了close 回零100改50\(v10.4 中批修改)导航生产上位机\laser\debug\levelsegment.obj
e:\712雷达\712相关文件\712生产版源码\偏心修正加模拟agv模块\(v10.4 中批修改)导航生产上位机 自动偏心修正0604 cfile加了close 回零100改50\(v10.4 中批修改)导航生产上位机\laser\debug\lighttool.obj
e:\712雷达\712相关文件\712生产版源码\偏心修正加模拟agv模块\(v10.4 中批修改)导航生产上位机 自动偏心修正0604 cfile加了close 回零100改50\(v10.4 中批修改)导航生产上位机\laser\debug\lineargauge.obj
e:\712雷达\712相关文件\712生产版源码\偏心修正加模拟agv模块\(v10.4 中批修改)导航生产上位机 自动偏心修正0604 cfile加了close 回零100改50\(v10.4 中批修改)导航生产上位机\laser\debug\lineseries.obj
e:\712雷达\712相关文件\712生产版源码\偏心修正加模拟agv模块\(v10.4 中批修改)导航生产上位机 自动偏心修正0604 cfile加了close 回零100改50\(v10.4 中批修改)导航生产上位机\laser\debug\linktool.obj
e:\712雷达\712相关文件\712生产版源码\偏心修正加模拟agv模块\(v10.4 中批修改)导航生产上位机 自动偏心修正0604 cfile加了close 回零100改50\(v10.4 中批修改)导航生产上位机\laser\debug\macdfunction.obj
e:\712雷达\712相关文件\712生产版源码\偏心修正加模拟agv模块\(v10.4 中批修改)导航生产上位机 自动偏心修正0604 cfile加了close 回零100改50\(v10.4 中批修改)导航生产上位机\laser\debug\magnifytool.obj
e:\712雷达\712相关文件\712生产版源码\偏心修正加模拟agv模块\(v10.4 中批修改)导航生产上位机 自动偏心修正0604 cfile加了close 回零100改50\(v10.4 中批修改)导航生产上位机\laser\debug\mappolygon.obj
e:\712雷达\712相关文件\712生产版源码\偏心修正加模拟agv模块\(v10.4 中批修改)导航生产上位机 自动偏心修正0604 cfile加了close 回零100改50\(v10.4 中批修改)导航生产上位机\laser\debug\mappolygonlist.obj
e:\712雷达\712相关文件\712生产版源码\偏心修正加模拟agv模块\(v10.4 中批修改)导航生产上位机 自动偏心修正0604 cfile加了close 回零100改50\(v10.4 中批修改)导航生产上位机\laser\debug\mapseries.obj
e:\712雷达\712相关文件\712生产版源码\偏心修正加模拟agv模块\(v10.4 中批修改)导航生产上位机 自动偏心修正0604 cfile加了close 回零100改50\(v10.4 中批修改)导航生产上位机\laser\debug\margins.obj
e:\712雷达\712相关文件\712生产版源码\偏心修正加模拟agv模块\(v10.4 中批修改)导航生产上位机 自动偏心修正0604 cfile加了close 回零100改50\(v10.4 中批修改)导航生产上位机\laser\debug\marks.obj
e:\712雷达\712相关文件\712生产版源码\偏心修正加模拟agv模块\(v10.4 中批修改)导航生产上位机 自动偏心修正0604 cfile加了close 回零100改50\(v10.4 中批修改)导航生产上位机\laser\debug\markscallout.obj
e:\712雷达\712相关文件\712生产版源码\偏心修正加模拟agv模块\(v10.4 中批修改)导航生产上位机 自动偏心修正0604 cfile加了close 回零100改50\(v10.4 中批修改)导航生产上位机\laser\debug\marksitem.obj
e:\712雷达\712相关文件\712生产版源码\偏心修正加模拟agv模块\(v10.4 中批修改)导航生产上位机 自动偏心修正0604 cfile加了close 回零100改50\(v10.4 中批修改)导航生产上位机\laser\debug\markssymbol.obj
e:\712雷达\712相关文件\712生产版源码\偏心修正加模拟agv模块\(v10.4 中批修改)导航生产上位机 自动偏心修正0604 cfile加了close 回零100改50\(v10.4 中批修改)导航生产上位机\laser\debug\gridtransposetool.obj
e:\712雷达\712相关文件\712生产版源码\偏心修正加模拟agv模块\(v10.4 中批修改)导航生产上位机 自动偏心修正0604 cfile加了close 回零100改50\(v10.4 中批修改)导航生产上位机\laser\debug\highlowlineseries.obj
e:\712雷达\712相关文件\712生产版源码\偏心修正加模拟agv模块\(v10.4 中批修改)导航生产上位机 自动偏心修正0604 cfile加了close 回零100改50\(v10.4 中批修改)导航生产上位机\laser\debug\highlowseries.obj
e:\712雷达\712相关文件\712生产版源码\偏心修正加模拟agv模块\(v10.4 中批修改)导航生产上位机 自动偏心修正0604 cfile加了close 回零100改50\(v10.4 中批修改)导航生产上位机\laser\debug\histogramfunction.obj
e:\712雷达\712相关文件\712生产版源码\偏心修正加模拟agv模块\(v10.4 中批修改)导航生产上位机 自动偏心修正0604 cfile加了close 回零100改50\(v10.4 中批修改)导航生产上位机\laser\debug\histogramseries.obj
e:\712雷达\712相关文件\712生产版源码\偏心修正加模拟agv模块\(v10.4 中批修改)导航生产上位机 自动偏心修正0604 cfile加了close 回零100改50\(v10.4 中批修改)导航生产上位机\laser\debug\horizareaseries.obj
e:\712雷达\712相关文件\712生产版源码\偏心修正加模拟agv模块\(v10.4 中批修改)导航生产上位机 自动偏心修正0604 cfile加了close 回零100改50\(v10.4 中批修改)导航生产上位机\laser\debug\horizbarseries.obj
e:\712雷达\712相关文件\712生产版源码\偏心修正加模拟agv模块\(v10.4 中批修改)导航生产上位机 自动偏心修正0604 cfile加了close 回零100改50\(v10.4 中批修改)导航生产上位机\laser\debug\horizboxplotseries.obj
e:\712雷达\712相关文件\712生产版源码\偏心修正加模拟agv模块\(v10.4 中批修改)导航生产上位机 自动偏心修正0604 cfile加了close 回零100改50\(v10.4 中批修改)导航生产上位机\laser\debug\horizhistogramseries.obj
e:\712雷达\712相关文件\712生产版源码\偏心修正加模拟agv模块\(v10.4 中批修改)导航生产上位机 自动偏心修正0604 cfile加了close 回零100改50\(v10.4 中批修改)导航生产上位机\laser\debug\horizlineseries.obj
e:\712雷达\712相关文件\712生产版源码\偏心修正加模拟agv模块\(v10.4 中批修改)导航生产上位机 自动偏心修正0604 cfile加了close 回零100改50\(v10.4 中批修改)导航生产上位机\laser\debug\htmlexport.obj
e:\712雷达\712相关文件\712生产版源码\偏心修正加模拟agv模块\(v10.4 中批修改)导航生产上位机 自动偏心修正0604 cfile加了close 回零100改50\(v10.4 中批修改)导航生产上位机\laser\debug\huelumsatfilter.obj
e:\712雷达\712相关文件\712生产版源码\偏心修正加模拟agv模块\(v10.4 中批修改)导航生产上位机 自动偏心修正0604 cfile加了close 回零100改50\(v10.4 中批修改)导航生产上位机\laser\debug\imagebarseries.obj
e:\712雷达\712相关文件\712生产版源码\偏心修正加模拟agv模块\(v10.4 中批修改)导航生产上位机 自动偏心修正0604 cfile加了close 回零100改50\(v10.4 中批修改)导航生产上位机\laser\debug\imagepointseries.obj
e:\712雷达\712相关文件\712生产版源码\偏心修正加模拟agv模块\(v10.4 中批修改)导航生产上位机 自动偏心修正0604 cfile加了close 回零100改50\(v10.4 中批修改)导航生产上位机\laser\debug\import.obj
e:\712雷达\712相关文件\712生产版源码\偏心修正加模拟agv模块\(v10.4 中批修改)导航生产上位机 自动偏心修正0604 cfile加了close 回零100改50\(v10.4 中批修改)导航生产上位机\laser\debug\isosurfaceseries.obj
e:\712雷达\712相关文件\712生产版源码\偏心修正加模拟agv模块\(v10.4 中批修改)导航生产上位机 自动偏心修正0604 cfile加了close 回零100改50\(v10.4 中批修改)导航生产上位机\laser\debug\jpegexport.obj
e:\712雷达\712相关文件\712生产版源码\偏心修正加模拟agv模块\(v10.4 中批修改)导航生产上位机 自动偏心修正0604 cfile加了close 回零100改50\(v10.4 中批修改)导航生产上位机\laser\debug\kagiseries.obj
e:\712雷达\712相关文件\712生产版源码\偏心修正加模拟agv模块\(v10.4 中批修改)导航生产上位机 自动偏心修正0604 cfile加了close 回零100改50\(v10.4 中批修改)导航生产上位机\laser\debug\legend.obj
e:\712雷达\712相关文件\712生产版源码\偏心修正加模拟agv模块\(v10.4 中批修改)导航生产上位机 自动偏心修正0604 cfile加了close 回零100改50\(v10.4 中批修改)导航生产上位机\laser\debug\legenditem.obj
e:\712雷达\712相关文件\712生产版源码\偏心修正加模拟agv模块\(v10.4 中批修改)导航生产上位机 自动偏心修正0604 cfile加了close 回零100改50\(v10.4 中批修改)导航生产上位机\laser\debug\filterregion.obj
e:\712雷达\712相关文件\712生产版源码\偏心修正加模拟agv模块\(v10.4 中批修改)导航生产上位机 自动偏心修正0604 cfile加了close 回零100改50\(v10.4 中批修改)导航生产上位机\laser\debug\floatxyz.obj
e:\712雷达\712相关文件\712生产版源码\偏心修正加模拟agv模块\(v10.4 中批修改)导航生产上位机 自动偏心修正0604 cfile加了close 回零100改50\(v10.4 中批修改)导航生产上位机\laser\debug\framebrush.obj
e:\712雷达\712相关文件\712生产版源码\偏心修正加模拟agv模块\(v10.4 中批修改)导航生产上位机 自动偏心修正0604 cfile加了close 回零100改50\(v10.4 中批修改)导航生产上位机\laser\debug\framedborder.obj
e:\712雷达\712相关文件\712生产版源码\偏心修正加模拟agv模块\(v10.4 中批修改)导航生产上位机 自动偏心修正0604 cfile加了close 回零100改50\(v10.4 中批修改)导航生产上位机\laser\debug\frametool.obj
e:\712雷达\712相关文件\712生产版源码\偏心修正加模拟agv模块\(v10.4 中批修改)导航生产上位机 自动偏心修正0604 cfile加了close 回零100改50\(v10.4 中批修改)导航生产上位机\laser\debug\fullscreentool.obj
e:\712雷达\712相关文件\712生产版源码\偏心修正加模拟agv模块\(v10.4 中批修改)导航生产上位机 自动偏心修正0604 cfile加了close 回零100改50\(v10.4 中批修改)导航生产上位机\laser\debug\funnelseries.obj
e:\712雷达\712相关文件\712生产版源码\偏心修正加模拟agv模块\(v10.4 中批修改)导航生产上位机 自动偏心修正0604 cfile加了close 回零100改50\(v10.4 中批修改)导航生产上位机\laser\debug\gammacorrectionfilter.obj
e:\712雷达\712相关文件\712生产版源码\偏心修正加模拟agv模块\(v10.4 中批修改)导航生产上位机 自动偏心修正0604 cfile加了close 回零100改50\(v10.4 中批修改)导航生产上位机\laser\debug\ganttseries.obj
e:\712雷达\712相关文件\712生产版源码\偏心修正加模拟agv模块\(v10.4 中批修改)导航生产上位机 自动偏心修正0604 cfile加了close 回零100改50\(v10.4 中批修改)导航生产上位机\laser\debug\gantttool.obj
e:\712雷达\712相关文件\712生产版源码\偏心修正加模拟agv模块\(v10.4 中批修改)导航生产上位机 自动偏心修正0604 cfile加了close 回零100改50\(v10.4 中批修改)导航生产上位机\laser\debug\gaugepointerrange.obj
e:\712雷达\712相关文件\712生产版源码\偏心修正加模拟agv模块\(v10.4 中批修改)导航生产上位机 自动偏心修正0604 cfile加了close 回零100改50\(v10.4 中批修改)导航生产上位机\laser\debug\gaugeseries.obj
e:\712雷达\712相关文件\712生产版源码\偏心修正加模拟agv模块\(v10.4 中批修改)导航生产上位机 自动偏心修正0604 cfile加了close 回零100改50\(v10.4 中批修改)导航生产上位机\laser\debug\gaugeseriespointer.obj
e:\712雷达\712相关文件\712生产版源码\偏心修正加模拟agv模块\(v10.4 中批修改)导航生产上位机 自动偏心修正0604 cfile加了close 回零100改50\(v10.4 中批修改)导航生产上位机\laser\debug\gifexport.obj
e:\712雷达\712相关文件\712生产版源码\偏心修正加模拟agv模块\(v10.4 中批修改)导航生产上位机 自动偏心修正0604 cfile加了close 回零100改50\(v10.4 中批修改)导航生产上位机\laser\debug\gllightsource.obj
e:\712雷达\712相关文件\712生产版源码\偏心修正加模拟agv模块\(v10.4 中批修改)导航生产上位机 自动偏心修正0604 cfile加了close 回零100改50\(v10.4 中批修改)导航生产上位机\laser\debug\glposition.obj
e:\712雷达\712相关文件\712生产版源码\偏心修正加模拟agv模块\(v10.4 中批修改)导航生产上位机 自动偏心修正0604 cfile加了close 回零100改50\(v10.4 中批修改)导航生产上位机\laser\debug\gradient.obj
e:\712雷达\712相关文件\712生产版源码\偏心修正加模拟agv模块\(v10.4 中批修改)导航生产上位机 自动偏心修正0604 cfile加了close 回零100改50\(v10.4 中批修改)导航生产上位机\laser\debug\grayscalefilter.obj
e:\712雷达\712相关文件\712生产版源码\偏心修正加模拟agv模块\(v10.4 中批修改)导航生产上位机 自动偏心修正0604 cfile加了close 回零100改50\(v10.4 中批修改)导航生产上位机\laser\debug\gridbandbrush.obj
e:\712雷达\712相关文件\712生产版源码\偏心修正加模拟agv模块\(v10.4 中批修改)导航生产上位机 自动偏心修正0604 cfile加了close 回零100改50\(v10.4 中批修改)导航生产上位机\laser\debug\gridbandtool.obj
e:\712雷达\712相关文件\712生产版源码\偏心修正加模拟agv模块\(v10.4 中批修改)导航生产上位机 自动偏心修正0604 cfile加了close 回零100改50\(v10.4 中批修改)导航生产上位机\laser\debug\dragpointtool.obj
e:\712雷达\712相关文件\712生产版源码\偏心修正加模拟agv模块\(v10.4 中批修改)导航生产上位机 自动偏心修正0604 cfile加了close 回零100改50\(v10.4 中批修改)导航生产上位机\laser\debug\drawline.obj
e:\712雷达\712相关文件\712生产版源码\偏心修正加模拟agv模块\(v10.4 中批修改)导航生产上位机 自动偏心修正0604 cfile加了close 回零100改50\(v10.4 中批修改)导航生产上位机\laser\debug\drawlinelist.obj
e:\712雷达\712相关文件\712生产版源码\偏心修正加模拟agv模块\(v10.4 中批修改)导航生产上位机 自动偏心修正0604 cfile加了close 回零100改50\(v10.4 中批修改)导航生产上位机\laser\debug\drawlinetool.obj
e:\712雷达\712相关文件\712生产版源码\偏心修正加模拟agv模块\(v10.4 中批修改)导航生产上位机 自动偏心修正0604 cfile加了close 回零100改50\(v10.4 中批修改)导航生产上位机\laser\debug\embossfilter.obj
e:\712雷达\712相关文件\712生产版源码\偏心修正加模拟agv模块\(v10.4 中批修改)导航生产上位机 自动偏心修正0604 cfile加了close 回零100改50\(v10.4 中批修改)导航生产上位机\laser\debug\environment.obj
e:\712雷达\712相关文件\712生产版源码\偏心修正加模拟agv模块\(v10.4 中批修改)导航生产上位机 自动偏心修正0604 cfile加了close 回零100改50\(v10.4 中批修改)导航生产上位机\laser\debug\epsexport.obj
e:\712雷达\712相关文件\712生产版源码\偏心修正加模拟agv模块\(v10.4 中批修改)导航生产上位机 自动偏心修正0604 cfile加了close 回零100改50\(v10.4 中批修改)导航生产上位机\laser\debug\errorbarseries.obj
e:\712雷达\712相关文件\712生产版源码\偏心修正加模拟agv模块\(v10.4 中批修改)导航生产上位机 自动偏心修正0604 cfile加了close 回零100改50\(v10.4 中批修改)导航生产上位机\laser\debug\errorseries.obj
e:\712雷达\712相关文件\712生产版源码\偏心修正加模拟agv模块\(v10.4 中批修改)导航生产上位机 自动偏心修正0604 cfile加了close 回零100改50\(v10.4 中批修改)导航生产上位机\laser\debug\expavgfunction.obj
e:\712雷达\712相关文件\712生产版源码\偏心修正加模拟agv模块\(v10.4 中批修改)导航生产上位机 自动偏心修正0604 cfile加了close 回零100改50\(v10.4 中批修改)导航生产上位机\laser\debug\explodedslices.obj
e:\712雷达\712相关文件\712生产版源码\偏心修正加模拟agv模块\(v10.4 中批修改)导航生产上位机 自动偏心修正0604 cfile加了close 回零100改50\(v10.4 中批修改)导航生产上位机\laser\debug\expmovavgfunction.obj
e:\712雷达\712相关文件\712生产版源码\偏心修正加模拟agv模块\(v10.4 中批修改)导航生产上位机 自动偏心修正0604 cfile加了close 回零100改50\(v10.4 中批修改)导航生产上位机\laser\debug\export.obj
e:\712雷达\712相关文件\712生产版源码\偏心修正加模拟agv模块\(v10.4 中批修改)导航生产上位机 自动偏心修正0604 cfile加了close 回零100改50\(v10.4 中批修改)导航生产上位机\laser\debug\extralegendtool.obj
e:\712雷达\712相关文件\712生产版源码\偏心修正加模拟agv模块\(v10.4 中批修改)导航生产上位机 自动偏心修正0604 cfile加了close 回零100改50\(v10.4 中批修改)导航生产上位机\laser\debug\fadertool.obj
e:\712雷达\712相关文件\712生产版源码\偏心修正加模拟agv模块\(v10.4 中批修改)导航生产上位机 自动偏心修正0604 cfile加了close 回零100改50\(v10.4 中批修改)导航生产上位机\laser\debug\fastlineseries.obj
e:\712雷达\712相关文件\712生产版源码\偏心修正加模拟agv模块\(v10.4 中批修改)导航生产上位机 自动偏心修正0604 cfile加了close 回零100改50\(v10.4 中批修改)导航生产上位机\laser\debug\fibonacciitem.obj
e:\712雷达\712相关文件\712生产版源码\偏心修正加模拟agv模块\(v10.4 中批修改)导航生产上位机 自动偏心修正0604 cfile加了close 回零100改50\(v10.4 中批修改)导航生产上位机\laser\debug\fibonaccilevels.obj
e:\712雷达\712相关文件\712生产版源码\偏心修正加模拟agv模块\(v10.4 中批修改)导航生产上位机 自动偏心修正0604 cfile加了close 回零100改50\(v10.4 中批修改)导航生产上位机\laser\debug\fibonaccitool.obj
e:\712雷达\712相关文件\712生产版源码\偏心修正加模拟agv模块\(v10.4 中批修改)导航生产上位机 自动偏心修正0604 cfile加了close 回零100改50\(v10.4 中批修改)导航生产上位机\laser\debug\filteritems.obj
e:\712雷达\712相关文件\712生产版源码\偏心修正加模拟agv模块\(v10.4 中批修改)导航生产上位机 自动偏心修正0604 cfile加了close 回零100改50\(v10.4 中批修改)导航生产上位机\laser\debug\colorgridseries.obj
e:\712雷达\712相关文件\712生产版源码\偏心修正加模拟agv模块\(v10.4 中批修改)导航生产上位机 自动偏心修正0604 cfile加了close 回零100改50\(v10.4 中批修改)导航生产上位机\laser\debug\colorlinetool.obj
e:\712雷达\712相关文件\712生产版源码\偏心修正加模拟agv模块\(v10.4 中批修改)导航生产上位机 自动偏心修正0604 cfile加了close 回零100改50\(v10.4 中批修改)导航生产上位机\laser\debug\compressfunction.obj
e:\712雷达\712相关文件\712生产版源码\偏心修正加模拟agv模块\(v10.4 中批修改)导航生产上位机 自动偏心修正0604 cfile加了close 回零100改50\(v10.4 中批修改)导航生产上位机\laser\debug\contourlevel.obj
e:\712雷达\712相关文件\712生产版源码\偏心修正加模拟agv模块\(v10.4 中批修改)导航生产上位机 自动偏心修正0604 cfile加了close 回零100改50\(v10.4 中批修改)导航生产上位机\laser\debug\contourlevels.obj
e:\712雷达\712相关文件\712生产版源码\偏心修正加模拟agv模块\(v10.4 中批修改)导航生产上位机 自动偏心修正0604 cfile加了close 回零100改50\(v10.4 中批修改)导航生产上位机\laser\debug\contourmarks.obj
e:\712雷达\712相关文件\712生产版源码\偏心修正加模拟agv模块\(v10.4 中批修改)导航生产上位机 自动偏心修正0604 cfile加了close 回零100改50\(v10.4 中批修改)导航生产上位机\laser\debug\contourseries.obj
e:\712雷达\712相关文件\712生产版源码\偏心修正加模拟agv模块\(v10.4 中批修改)导航生产上位机 自动偏心修正0604 cfile加了close 回零100改50\(v10.4 中批修改)导航生产上位机\laser\debug\contrastfilter.obj
e:\712雷达\712相关文件\712生产版源码\偏心修正加模拟agv模块\(v10.4 中批修改)导航生产上位机 自动偏心修正0604 cfile加了close 回零100改50\(v10.4 中批修改)导航生产上位机\laser\debug\cropfilter.obj
e:\712雷达\712相关文件\712生产版源码\偏心修正加模拟agv模块\(v10.4 中批修改)导航生产上位机 自动偏心修正0604 cfile加了close 回零100改50\(v10.4 中批修改)导航生产上位机\laser\debug\cursortool.obj
e:\712雷达\712相关文件\712生产版源码\偏心修正加模拟agv模块\(v10.4 中批修改)导航生产上位机 自动偏心修正0604 cfile加了close 回零100改50\(v10.4 中批修改)导航生产上位机\laser\debug\curvefittingfunction.obj
e:\712雷达\712相关文件\712生产版源码\偏心修正加模拟agv模块\(v10.4 中批修改)导航生产上位机 自动偏心修正0604 cfile加了close 回零100改50\(v10.4 中批修改)导航生产上位机\laser\debug\custom3dpaletteseries.obj
e:\712雷达\712相关文件\712生产版源码\偏心修正加模拟agv模块\(v10.4 中批修改)导航生产上位机 自动偏心修正0604 cfile加了close 回零100改50\(v10.4 中批修改)导航生产上位机\laser\debug\customfunction.obj
e:\712雷达\712相关文件\712生产版源码\偏心修正加模拟agv模块\(v10.4 中批修改)导航生产上位机 自动偏心修正0604 cfile加了close 回零100改50\(v10.4 中批修改)导航生产上位机\laser\debug\customserieslist.obj
e:\712雷达\712相关文件\712生产版源码\偏心修正加模拟agv模块\(v10.4 中批修改)导航生产上位机 自动偏心修正0604 cfile加了close 回零100改50\(v10.4 中批修改)导航生产上位机\laser\debug\darvasseries.obj
e:\712雷达\712相关文件\712生产版源码\偏心修正加模拟agv模块\(v10.4 中批修改)导航生产上位机 自动偏心修正0604 cfile加了close 回零100改50\(v10.4 中批修改)导航生产上位机\laser\debug\datatabletool.obj
e:\712雷达\712相关文件\712生产版源码\偏心修正加模拟agv模块\(v10.4 中批修改)导航生产上位机 自动偏心修正0604 cfile加了close 回零100改50\(v10.4 中批修改)导航生产上位机\laser\debug\deltapointseries.obj
e:\712雷达\712相关文件\712生产版源码\偏心修正加模拟agv模块\(v10.4 中批修改)导航生产上位机 自动偏心修正0604 cfile加了close 回零100改50\(v10.4 中批修改)导航生产上位机\laser\debug\donutseries.obj
e:\712雷达\712相关文件\712生产版源码\偏心修正加模拟agv模块\(v10.4 中批修改)导航生产上位机 自动偏心修正0604 cfile加了close 回零100改50\(v10.4 中批修改)导航生产上位机\laser\debug\downsamplingfunction.obj
e:\712雷达\712相关文件\712生产版源码\偏心修正加模拟agv模块\(v10.4 中批修改)导航生产上位机 自动偏心修正0604 cfile加了close 回零100改50\(v10.4 中批修改)导航生产上位机\laser\debug\dragmarkstool.obj
e:\712雷达\712相关文件\712生产版源码\偏心修正加模拟agv模块\(v10.4 中批修改)导航生产上位机 自动偏心修正0604 cfile加了close 回零100改50\(v10.4 中批修改)导航生产上位机\laser\debug\brush.obj
e:\712雷达\712相关文件\712生产版源码\偏心修正加模拟agv模块\(v10.4 中批修改)导航生产上位机 自动偏心修正0604 cfile加了close 回零100改50\(v10.4 中批修改)导航生产上位机\laser\debug\bubble3dseries.obj
e:\712雷达\712相关文件\712生产版源码\偏心修正加模拟agv模块\(v10.4 中批修改)导航生产上位机 自动偏心修正0604 cfile加了close 回零100改50\(v10.4 中批修改)导航生产上位机\laser\debug\bubbleseries.obj
e:\712雷达\712相关文件\712生产版源码\偏心修正加模拟agv模块\(v10.4 中批修改)导航生产上位机 自动偏心修正0604 cfile加了close 回零100改50\(v10.4 中批修改)导航生产上位机\laser\debug\calendarcell.obj
e:\712雷达\712相关文件\712生产版源码\偏心修正加模拟agv模块\(v10.4 中批修改)导航生产上位机 自动偏心修正0604 cfile加了close 回零100改50\(v10.4 中批修改)导航生产上位机\laser\debug\calendarcellupper.obj
e:\712雷达\712相关文件\712生产版源码\偏心修正加模拟agv模块\(v10.4 中批修改)导航生产上位机 自动偏心修正0604 cfile加了close 回零100改50\(v10.4 中批修改)导航生产上位机\laser\debug\calendarseries.obj
e:\712雷达\712相关文件\712生产版源码\偏心修正加模拟agv模块\(v10.4 中批修改)导航生产上位机 自动偏心修正0604 cfile加了close 回零100改50\(v10.4 中批修改)导航生产上位机\laser\debug\candleseries.obj
e:\712雷达\712相关文件\712生产版源码\偏心修正加模拟agv模块\(v10.4 中批修改)导航生产上位机 自动偏心修正0604 cfile加了close 回零100改50\(v10.4 中批修改)导航生产上位机\laser\debug\canvas.obj
e:\712雷达\712相关文件\712生产版源码\偏心修正加模拟agv模块\(v10.4 中批修改)导航生产上位机 自动偏心修正0604 cfile加了close 回零100改50\(v10.4 中批修改)导航生产上位机\laser\debug\ccifunction.obj
e:\712雷达\712相关文件\712生产版源码\偏心修正加模拟agv模块\(v10.4 中批修改)导航生产上位机 自动偏心修正0604 cfile加了close 回零100改50\(v10.4 中批修改)导航生产上位机\laser\debug\chartaxispen.obj
e:\712雷达\712相关文件\712生产版源码\偏心修正加模拟agv模块\(v10.4 中批修改)导航生产上位机 自动偏心修正0604 cfile加了close 回零100改50\(v10.4 中批修改)导航生产上位机\laser\debug\chartfont.obj
e:\712雷达\712相关文件\712生产版源码\偏心修正加模拟agv模块\(v10.4 中批修改)导航生产上位机 自动偏心修正0604 cfile加了close 回零100改50\(v10.4 中批修改)导航生产上位机\laser\debug\charthiddenpen.obj
e:\712雷达\712相关文件\712生产版源码\偏心修正加模拟agv模块\(v10.4 中批修改)导航生产上位机 自动偏心修正0604 cfile加了close 回零100改50\(v10.4 中批修改)导航生产上位机\laser\debug\chartimagetool.obj
e:\712雷达\712相关文件\712生产版源码\偏心修正加模拟agv模块\(v10.4 中批修改)导航生产上位机 自动偏心修正0604 cfile加了close 回零100改50\(v10.4 中批修改)导航生产上位机\laser\debug\circlelabels.obj
e:\712雷达\712相关文件\712生产版源码\偏心修正加模拟agv模块\(v10.4 中批修改)导航生产上位机 自动偏心修正0604 cfile加了close 回零100改50\(v10.4 中批修改)导航生产上位机\laser\debug\circulargauge.obj
e:\712雷达\712相关文件\712生产版源码\偏心修正加模拟agv模块\(v10.4 中批修改)导航生产上位机 自动偏心修正0604 cfile加了close 回零100改50\(v10.4 中批修改)导航生产上位机\laser\debug\clipseriestool.obj
e:\712雷达\712相关文件\712生产版源码\偏心修正加模拟agv模块\(v10.4 中批修改)导航生产上位机 自动偏心修正0604 cfile加了close 回零100改50\(v10.4 中批修改)导航生产上位机\laser\debug\clockseries.obj
e:\712雷达\712相关文件\712生产版源码\偏心修正加模拟agv模块\(v10.4 中批修改)导航生产上位机 自动偏心修正0604 cfile加了close 回零100改50\(v10.4 中批修改)导航生产上位机\laser\debug\clvfunction.obj
e:\712雷达\712相关文件\712生产版源码\偏心修正加模拟agv模块\(v10.4 中批修改)导航生产上位机 自动偏心修正0604 cfile加了close 回零100改50\(v10.4 中批修改)导航生产上位机\laser\debug\colorbandtool.obj
e:\712雷达\712相关文件\712生产版源码\偏心修正加模拟agv模块\(v10.4 中批修改)导航生产上位机 自动偏心修正0604 cfile加了close 回零100改50\(v10.4 中批修改)导航生产上位机\laser\debug\colorfilter.obj
e:\712雷达\712相关文件\712生产版源码\偏心修正加模拟agv模块\(v10.4 中批修改)导航生产上位机 自动偏心修正0604 cfile加了close 回零100改50\(v10.4 中批修改)导航生产上位机\laser\debug\axes.obj
e:\712雷达\712相关文件\712生产版源码\偏心修正加模拟agv模块\(v10.4 中批修改)导航生产上位机 自动偏心修正0604 cfile加了close 回零100改50\(v10.4 中批修改)导航生产上位机\laser\debug\axis.obj
e:\712雷达\712相关文件\712生产版源码\偏心修正加模拟agv模块\(v10.4 中批修改)导航生产上位机 自动偏心修正0604 cfile加了close 回零100改50\(v10.4 中批修改)导航生产上位机\laser\debug\axisarrowtool.obj
e:\712雷达\712相关文件\712生产版源码\偏心修正加模拟agv模块\(v10.4 中批修改)导航生产上位机 自动偏心修正0604 cfile加了close 回零100改50\(v10.4 中批修改)导航生产上位机\laser\debug\axisgridpen.obj
e:\712雷达\712相关文件\712生产版源码\偏心修正加模拟agv模块\(v10.4 中批修改)导航生产上位机 自动偏心修正0604 cfile加了close 回零100改50\(v10.4 中批修改)导航生产上位机\laser\debug\axislabels.obj
e:\712雷达\712相关文件\712生产版源码\偏心修正加模拟agv模块\(v10.4 中批修改)导航生产上位机 自动偏心修正0604 cfile加了close 回零100改50\(v10.4 中批修改)导航生产上位机\laser\debug\axislabelsitem.obj
e:\712雷达\712相关文件\712生产版源码\偏心修正加模拟agv模块\(v10.4 中批修改)导航生产上位机 自动偏心修正0604 cfile加了close 回零100改50\(v10.4 中批修改)导航生产上位机\laser\debug\axisscrolltool.obj
e:\712雷达\712相关文件\712生产版源码\偏心修正加模拟agv模块\(v10.4 中批修改)导航生产上位机 自动偏心修正0604 cfile加了close 回零100改50\(v10.4 中批修改)导航生产上位机\laser\debug\axistitle.obj
e:\712雷达\712相关文件\712生产版源码\偏心修正加模拟agv模块\(v10.4 中批修改)导航生产上位机 自动偏心修正0604 cfile加了close 回零100改50\(v10.4 中批修改)导航生产上位机\laser\debug\backimage.obj
e:\712雷达\712相关文件\712生产版源码\偏心修正加模拟agv模块\(v10.4 中批修改)导航生产上位机 自动偏心修正0604 cfile加了close 回零100改50\(v10.4 中批修改)导航生产上位机\laser\debug\bannertool.obj
e:\712雷达\712相关文件\712生产版源码\偏心修正加模拟agv模块\(v10.4 中批修改)导航生产上位机 自动偏心修正0604 cfile加了close 回零100改50\(v10.4 中批修改)导航生产上位机\laser\debug\bar3dseries.obj
e:\712雷达\712相关文件\712生产版源码\偏心修正加模拟agv模块\(v10.4 中批修改)导航生产上位机 自动偏心修正0604 cfile加了close 回零100改50\(v10.4 中批修改)导航生产上位机\laser\debug\barjoinseries.obj
e:\712雷达\712相关文件\712生产版源码\偏心修正加模拟agv模块\(v10.4 中批修改)导航生产上位机 自动偏心修正0604 cfile加了close 回零100改50\(v10.4 中批修改)导航生产上位机\laser\debug\barseries.obj
e:\712雷达\712相关文件\712生产版源码\偏心修正加模拟agv模块\(v10.4 中批修改)导航生产上位机 自动偏心修正0604 cfile加了close 回零100改50\(v10.4 中批修改)导航生产上位机\laser\debug\bevelfilter.obj
e:\712雷达\712相关文件\712生产版源码\偏心修正加模拟agv模块\(v10.4 中批修改)导航生产上位机 自动偏心修正0604 cfile加了close 回零100改50\(v10.4 中批修改)导航生产上位机\laser\debug\bezierseries.obj
e:\712雷达\712相关文件\712生产版源码\偏心修正加模拟agv模块\(v10.4 中批修改)导航生产上位机 自动偏心修正0604 cfile加了close 回零100改50\(v10.4 中批修改)导航生产上位机\laser\debug\blurfilter.obj
e:\712雷达\712相关文件\712生产版源码\偏心修正加模拟agv模块\(v10.4 中批修改)导航生产上位机 自动偏心修正0604 cfile加了close 回零100改50\(v10.4 中批修改)导航生产上位机\laser\debug\bmpexport.obj
e:\712雷达\712相关文件\712生产版源码\偏心修正加模拟agv模块\(v10.4 中批修改)导航生产上位机 自动偏心修正0604 cfile加了close 回零100改50\(v10.4 中批修改)导航生产上位机\laser\debug\bollingerfunction.obj
e:\712雷达\712相关文件\712生产版源码\偏心修正加模拟agv模块\(v10.4 中批修改)导航生产上位机 自动偏心修正0604 cfile加了close 回零100改50\(v10.4 中批修改)导航生产上位机\laser\debug\boxplotseries.obj
e:\712雷达\712相关文件\712生产版源码\偏心修正加模拟agv模块\(v10.4 中批修改)导航生产上位机 自动偏心修正0604 cfile加了close 回零100改50\(v10.4 中批修改)导航生产上位机\laser\debug\brightnessfilter.obj
e:\712雷达\712相关文件\712生产版源码\偏心修正加模拟agv模块\(v10.4 中批修改)导航生产上位机 自动偏心修正0604 cfile加了close 回零100改50\(v10.4 中批修改)导航生产上位机\laser\debug\simuagvtestdlg.obj
e:\712雷达\712相关文件\712生产版源码\偏心修正加模拟agv模块\(v10.4 中批修改)导航生产上位机 自动偏心修正0604 cfile加了close 回零100改50\(v10.4 中批修改)导航生产上位机\laser\debug\single2ddlg.obj
e:\712雷达\712相关文件\712生产版源码\偏心修正加模拟agv模块\(v10.4 中批修改)导航生产上位机 自动偏心修正0604 cfile加了close 回零100改50\(v10.4 中批修改)导航生产上位机\laser\debug\systemload.obj
e:\712雷达\712相关文件\712生产版源码\偏心修正加模拟agv模块\(v10.4 中批修改)导航生产上位机 自动偏心修正0604 cfile加了close 回零100改50\(v10.4 中批修改)导航生产上位机\laser\debug\tchart1.obj
e:\712雷达\712相关文件\712生产版源码\偏心修正加模拟agv模块\(v10.4 中批修改)导航生产上位机 自动偏心修正0604 cfile加了close 回零100改50\(v10.4 中批修改)导航生产上位机\laser\debug\tempercfg.obj
e:\712雷达\712相关文件\712生产版源码\偏心修正加模拟agv模块\(v10.4 中批修改)导航生产上位机 自动偏心修正0604 cfile加了close 回零100改50\(v10.4 中批修改)导航生产上位机\laser\debug\temperrecorddlg.obj
e:\712雷达\712相关文件\712生产版源码\偏心修正加模拟agv模块\(v10.4 中批修改)导航生产上位机 自动偏心修正0604 cfile加了close 回零100改50\(v10.4 中批修改)导航生产上位机\laser\debug\toplview.obj
e:\712雷达\712相关文件\712生产版源码\偏心修正加模拟agv模块\(v10.4 中批修改)导航生产上位机 自动偏心修正0604 cfile加了close 回零100改50\(v10.4 中批修改)导航生产上位机\laser\debug\toprview.obj
e:\712雷达\712相关文件\712生产版源码\偏心修正加模拟agv模块\(v10.4 中批修改)导航生产上位机 自动偏心修正0604 cfile加了close 回零100改50\(v10.4 中批修改)导航生产上位机\laser\debug\uartcfg.obj
e:\712雷达\712相关文件\712生产版源码\偏心修正加模拟agv模块\(v10.4 中批修改)导航生产上位机 自动偏心修正0604 cfile加了close 回零100改50\(v10.4 中批修改)导航生产上位机\laser\debug\uartdatadlg.obj
e:\712雷达\712相关文件\712生产版源码\偏心修正加模拟agv模块\(v10.4 中批修改)导航生产上位机 自动偏心修正0604 cfile加了close 回零100改50\(v10.4 中批修改)导航生产上位机\laser\debug\serialutils.obj
e:\712雷达\712相关文件\712生产版源码\偏心修正加模拟agv模块\(v10.4 中批修改)导航生产上位机 自动偏心修正0604 cfile加了close 回零100改50\(v10.4 中批修改)导航生产上位机\laser\debug\adxfunction.obj
e:\712雷达\712相关文件\712生产版源码\偏心修正加模拟agv模块\(v10.4 中批修改)导航生产上位机 自动偏心修正0604 cfile加了close 回零100改50\(v10.4 中批修改)导航生产上位机\laser\debug\amountfilter.obj
e:\712雷达\712相关文件\712生产版源码\偏心修正加模拟agv模块\(v10.4 中批修改)导航生产上位机 自动偏心修正0604 cfile加了close 回零100改50\(v10.4 中批修改)导航生产上位机\laser\debug\annotationcallout.obj
e:\712雷达\712相关文件\712生产版源码\偏心修正加模拟agv模块\(v10.4 中批修改)导航生产上位机 自动偏心修正0604 cfile加了close 回零100改50\(v10.4 中批修改)导航生产上位机\laser\debug\annotationtool.obj
e:\712雷达\712相关文件\712生产版源码\偏心修正加模拟agv模块\(v10.4 中批修改)导航生产上位机 自动偏心修正0604 cfile加了close 回零100改50\(v10.4 中批修改)导航生产上位机\laser\debug\antialiastool.obj
e:\712雷达\712相关文件\712生产版源码\偏心修正加模拟agv模块\(v10.4 中批修改)导航生产上位机 自动偏心修正0604 cfile加了close 回零100改50\(v10.4 中批修改)导航生产上位机\laser\debug\areaseries.obj
e:\712雷达\712相关文件\712生产版源码\偏心修正加模拟agv模块\(v10.4 中批修改)导航生产上位机 自动偏心修正0604 cfile加了close 回零100改50\(v10.4 中批修改)导航生产上位机\laser\debug\arrowseries.obj
e:\712雷达\712相关文件\712生产版源码\偏心修正加模拟agv模块\(v10.4 中批修改)导航生产上位机 自动偏心修正0604 cfile加了close 回零100改50\(v10.4 中批修改)导航生产上位机\laser\debug\aspect.obj
e:\712雷达\712相关文件\712生产版源码\偏心修正加模拟agv模块\(v10.4 中批修改)导航生产上位机 自动偏心修正0604 cfile加了close 回零100改50\(v10.4 中批修改)导航生产上位机\laser\debug\averagefunction.obj
e:\712雷达\712相关文件\712生产版源码\偏心修正加模拟agv模块\(v10.4 中批修改)导航生产上位机 自动偏心修正0604 cfile加了close 回零100改50\(v10.4 中批修改)导航生产上位机\laser\debug\laserdoc.obj
e:\712雷达\712相关文件\712生产版源码\偏心修正加模拟agv模块\(v10.4 中批修改)导航生产上位机 自动偏心修正0604 cfile加了close 回零100改50\(v10.4 中批修改)导航生产上位机\laser\debug\laserview.obj
e:\712雷达\712相关文件\712生产版源码\偏心修正加模拟agv模块\(v10.4 中批修改)导航生产上位机 自动偏心修正0604 cfile加了close 回零100改50\(v10.4 中批修改)导航生产上位机\laser\debug\mainfrm.obj
e:\712雷达\712相关文件\712生产版源码\偏心修正加模拟agv模块\(v10.4 中批修改)导航生产上位机 自动偏心修正0604 cfile加了close 回零100改50\(v10.4 中批修改)导航生产上位机\laser\debug\mysplitter.obj
e:\712雷达\712相关文件\712生产版源码\偏心修正加模拟agv模块\(v10.4 中批修改)导航生产上位机 自动偏心修正0604 cfile加了close 回零100改50\(v10.4 中批修改)导航生产上位机\laser\debug\mywritelog.obj
e:\712雷达\712相关文件\712生产版源码\偏心修正加模拟agv模块\(v10.4 中批修改)导航生产上位机 自动偏心修正0604 cfile加了close 回零100改50\(v10.4 中批修改)导航生产上位机\laser\debug\netparam.obj
e:\712雷达\712相关文件\712生产版源码\偏心修正加模拟agv模块\(v10.4 中批修改)导航生产上位机 自动偏心修正0604 cfile加了close 回零100改50\(v10.4 中批修改)导航生产上位机\laser\debug\networkutils.obj
e:\712雷达\712相关文件\712生产版源码\偏心修正加模拟agv模块\(v10.4 中批修改)导航生产上位机 自动偏心修正0604 cfile加了close 回零100改50\(v10.4 中批修改)导航生产上位机\laser\debug\operateexcelfile.obj
e:\712雷达\712相关文件\712生产版源码\偏心修正加模拟agv模块\(v10.4 中批修改)导航生产上位机 自动偏心修正0604 cfile加了close 回零100改50\(v10.4 中批修改)导航生产上位机\laser\debug\programdowndlg.obj
e:\712雷达\712相关文件\712生产版源码\偏心修正加模拟agv模块\(v10.4 中批修改)导航生产上位机 自动偏心修正0604 cfile加了close 回零100改50\(v10.4 中批修改)导航生产上位机\laser\debug\scan2dcfg.obj
e:\712雷达\712相关文件\712生产版源码\偏心修正加模拟agv模块\(v10.4 中批修改)导航生产上位机 自动偏心修正0604 cfile加了close 回零100改50\(v10.4 中批修改)导航生产上位机\laser\debug\scan3dcfg.obj
e:\712雷达\712相关文件\712生产版源码\偏心修正加模拟agv模块\(v10.4 中批修改)导航生产上位机 自动偏心修正0604 cfile加了close 回零100改50\(v10.4 中批修改)导航生产上位机\laser\debug\scanf2ddlg.obj
e:\712雷达\712相关文件\712生产版源码\偏心修正加模拟agv模块\(v10.4 中批修改)导航生产上位机 自动偏心修正0604 cfile加了close 回零100改50\(v10.4 中批修改)导航生产上位机\laser\debug\scanf3ddlg.obj
e:\712雷达\712相关文件\712生产版源码\偏心修正加模拟agv模块\(v10.4 中批修改)导航生产上位机 自动偏心修正0604 cfile加了close 回零100改50\(v10.4 中批修改)导航生产上位机\laser\debug\serveripdlg.obj
e:\712雷达\712相关文件\712生产版源码\偏心修正加模拟agv模块\(v10.4 中批修改)导航生产上位机 自动偏心修正0604 cfile加了close 回零100改50\(v10.4 中批修改)导航生产上位机\laser\debug\setappdlg.obj
e:\712雷达\712相关文件\712生产版源码\偏心修正加模拟agv模块\(v10.4 中批修改)导航生产上位机 自动偏心修正0604 cfile加了close 回零100改50\(v10.4 中批修改)导航生产上位机\laser\debug\setformview.obj
e:\712雷达\712相关文件\712生产版源码\偏心修正加模拟agv模块\(v10.4 中批修改)导航生产上位机 自动偏心修正0604 cfile加了close 回零100改50\(v10.4 中批修改)导航生产上位机\laser\debug\setproddlg.obj
e:\712雷达\712相关文件\712生产版源码\偏心修正加模拟agv模块\(v10.4 中批修改)导航生产上位机 自动偏心修正0604 cfile加了close 回零100改50\(v10.4 中批修改)导航生产上位机\laser\debug\setrddlg.obj
e:\712雷达\712相关文件\712生产版源码\偏心修正加模拟agv模块\(v10.4 中批修改)导航生产上位机 自动偏心修正0604 cfile加了close 回零100改50\(v10.4 中批修改)导航生产上位机\laser\debug\si2dcfg.obj
e:\712雷达\712相关文件\712生产版源码\偏心修正加模拟agv模块\(v10.4 中批修改)导航生产上位机 自动偏心修正0604 cfile加了close 回零100改50\(v10.4 中批修改)导航生产上位机\laser\debug\simuagvtest.obj
e:\712雷达\712相关文件\712生产版源码\偏心修正加模拟agv模块\(v10.4 中批修改)导航生产上位机 自动偏心修正0604 cfile加了close 回零100改50\(v10.4 中批修改)导航生产上位机\laser\debug\bottomlview.obj
e:\712雷达\712相关文件\712生产版源码\偏心修正加模拟agv模块\(v10.4 中批修改)导航生产上位机 自动偏心修正0604 cfile加了close 回零100改50\(v10.4 中批修改)导航生产上位机\laser\debug\bottomrview.obj
e:\712雷达\712相关文件\712生产版源码\偏心修正加模拟agv模块\(v10.4 中批修改)导航生产上位机 自动偏心修正0604 cfile加了close 回零100改50\(v10.4 中批修改)导航生产上位机\laser\debug\broadcastdlg.obj
e:\712雷达\712相关文件\712生产版源码\偏心修正加模拟agv模块\(v10.4 中批修改)导航生产上位机 自动偏心修正0604 cfile加了close 回零100改50\(v10.4 中批修改)导航生产上位机\laser\debug\controlform.obj
e:\712雷达\712相关文件\712生产版源码\偏心修正加模拟agv模块\(v10.4 中批修改)导航生产上位机 自动偏心修正0604 cfile加了close 回零100改50\(v10.4 中批修改)导航生产上位机\laser\debug\crc16.obj
e:\712雷达\712相关文件\712生产版源码\偏心修正加模拟agv模块\(v10.4 中批修改)导航生产上位机 自动偏心修正0604 cfile加了close 回零100改50\(v10.4 中批修改)导航生产上位机\laser\debug\datagramsocket.obj
e:\712雷达\712相关文件\712生产版源码\偏心修正加模拟agv模块\(v10.4 中批修改)导航生产上位机 自动偏心修正0604 cfile加了close 回零100改50\(v10.4 中批修改)导航生产上位机\laser\debug\diagnosisdlg.obj
e:\712雷达\712相关文件\712生产版源码\偏心修正加模拟agv模块\(v10.4 中批修改)导航生产上位机 自动偏心修正0604 cfile加了close 回零100改50\(v10.4 中批修改)导航生产上位机\laser\debug\dinterpdlg.obj
e:\712雷达\712相关文件\712生产版源码\偏心修正加模拟agv模块\(v10.4 中批修改)导航生产上位机 自动偏心修正0604 cfile加了close 回零100改50\(v10.4 中批修改)导航生产上位机\laser\debug\dustdlg.obj
e:\712雷达\712相关文件\712生产版源码\偏心修正加模拟agv模块\(v10.4 中批修改)导航生产上位机 自动偏心修正0604 cfile加了close 回零100改50\(v10.4 中批修改)导航生产上位机\laser\debug\fileutils.obj
e:\712雷达\712相关文件\712生产版源码\偏心修正加模拟agv模块\(v10.4 中批修改)导航生产上位机 自动偏心修正0604 cfile加了close 回零100改50\(v10.4 中批修改)导航生产上位机\laser\debug\cdmloginfo.obj
e:\712雷达\712相关文件\712生产版源码\偏心修正加模拟agv模块\(v10.4 中批修改)导航生产上位机 自动偏心修正0604 cfile加了close 回零100改50\(v10.4 中批修改)导航生产上位机\laser\debug\fpgadownloaddlg.obj
e:\712雷达\712相关文件\712生产版源码\偏心修正加模拟agv模块\(v10.4 中批修改)导航生产上位机 自动偏心修正0604 cfile加了close 回零100改50\(v10.4 中批修改)导航生产上位机\laser\debug\graphform2d.obj
e:\712雷达\712相关文件\712生产版源码\偏心修正加模拟agv模块\(v10.4 中批修改)导航生产上位机 自动偏心修正0604 cfile加了close 回零100改50\(v10.4 中批修改)导航生产上位机\laser\debug\graphform2dstate.obj
e:\712雷达\712相关文件\712生产版源码\偏心修正加模拟agv模块\(v10.4 中批修改)导航生产上位机 自动偏心修正0604 cfile加了close 回零100改50\(v10.4 中批修改)导航生产上位机\laser\debug\graphform3d.obj
e:\712雷达\712相关文件\712生产版源码\偏心修正加模拟agv模块\(v10.4 中批修改)导航生产上位机 自动偏心修正0604 cfile加了close 回零100改50\(v10.4 中批修改)导航生产上位机\laser\debug\inputdlg.obj
e:\712雷达\712相关文件\712生产版源码\偏心修正加模拟agv模块\(v10.4 中批修改)导航生产上位机 自动偏心修正0604 cfile加了close 回零100改50\(v10.4 中批修改)导航生产上位机\laser\debug\insideapi.obj
e:\712雷达\712相关文件\712生产版源码\偏心修正加模拟agv模块\(v10.4 中批修改)导航生产上位机 自动偏心修正0604 cfile加了close 回零100改50\(v10.4 中批修改)导航生产上位机\laser\debug\interp.obj
e:\712雷达\712相关文件\712生产版源码\偏心修正加模拟agv模块\(v10.4 中批修改)导航生产上位机 自动偏心修正0604 cfile加了close 回零100改50\(v10.4 中批修改)导航生产上位机\laser\debug\issuedlg.obj
e:\712雷达\712相关文件\712生产版源码\偏心修正加模拟agv模块\(v10.4 中批修改)导航生产上位机 自动偏心修正0604 cfile加了close 回零100改50\(v10.4 中批修改)导航生产上位机\laser\debug\laser.obj
e:\712雷达\712相关文件\712生产版源码\偏心修正加模拟agv模块\(v10.4 中批修改)导航生产上位机 自动偏心修正0604 cfile加了close 回零100改50\(v10.4 中批修改)导航生产上位机\laser\debug\agvtestcfg.obj
e:\712雷达\712相关文件\712生产版源码\偏心修正加模拟agv模块\(v10.4 中批修改)导航生产上位机 自动偏心修正0604 cfile加了close 回零100改50\(v10.4 中批修改)导航生产上位机\laser\debug\agvtestdlg.obj
e:\712雷达\712相关文件\712生产版源码\偏心修正加模拟agv模块\(v10.4 中批修改)导航生产上位机 自动偏心修正0604 cfile加了close 回零100改50\(v10.4 中批修改)导航生产上位机\laser\debug\armuartdlg.obj
e:\712雷达\712相关文件\712生产版源码\偏心修正加模拟agv模块\(v10.4 中批修改)导航生产上位机 自动偏心修正0604 cfile加了close 回零100改50\(v10.4 中批修改)导航生产上位机\debug\laser.ilk
e:\712雷达\712相关文件\712生产版源码\偏心修正加模拟agv模块\(v10.4 中批修改)导航生产上位机 自动偏心修正0604 cfile加了close 回零100改50\(v10.4 中批修改)导航生产上位机\debug\laser.exe
e:\712雷达\712相关文件\712生产版源码\偏心修正加模拟agv模块\(v10.4 中批修改)导航生产上位机 自动偏心修正0604 cfile加了close 回零100改50\(v10.4 中批修改)导航生产上位机\laser\debug\laser.exe.intermediate.manifest
e:\712雷达\712相关文件\712生产版源码\偏心修正加模拟agv模块\(v10.4 中批修改)导航生产上位机 自动偏心修正0604 cfile加了close 回零100改50\(v10.4 中批修改)导航生产上位机\debug\laser.pdb
e:\712雷达\712相关文件\712生产版源码\偏心修正加模拟agv模块\(v10.4 中批修改)导航生产上位机 自动偏心修正0604 cfile加了close 回零100改50\(v10.4 中批修改)导航生产上位机\laser\debug\laser.exe.embed.manifest
e:\712雷达\712相关文件\712生产版源码\偏心修正加模拟agv模块\(v10.4 中批修改)导航生产上位机 自动偏心修正0604 cfile加了close 回零100改50\(v10.4 中批修改)导航生产上位机\laser\debug\laser.res
e:\712雷达\712相关文件\712生产版源码\偏心修正加模拟agv模块\(v10.4 中批修改)导航生产上位机 自动偏心修正0604 cfile加了close 回零100改50\(v10.4 中批修改)导航生产上位机\laser\debug\laser.exe.embed.manifest.res
c:\users\0\desktop\(v10.4 中批修改)导航生产上位机 自动偏心修正0604 cfile加了close 回零100改50 v100\(v10.4 中批修改)导航生产上位机\laser\debug\adxfunction.obj
c:\users\0\desktop\(v10.4 中批修改)导航生产上位机 自动偏心修正0604 cfile加了close 回零100改50 v100\(v10.4 中批修改)导航生产上位机\laser\debug\agvtestcfg.obj
c:\users\0\desktop\(v10.4 中批修改)导航生产上位机 自动偏心修正0604 cfile加了close 回零100改50 v100\(v10.4 中批修改)导航生产上位机\laser\debug\agvtestdlg.obj
c:\users\0\desktop\(v10.4 中批修改)导航生产上位机 自动偏心修正0604 cfile加了close 回零100改50 v100\(v10.4 中批修改)导航生产上位机\laser\debug\amountfilter.obj
c:\users\0\desktop\(v10.4 中批修改)导航生产上位机 自动偏心修正0604 cfile加了close 回零100改50 v100\(v10.4 中批修改)导航生产上位机\laser\debug\annotationcallout.obj
c:\users\0\desktop\(v10.4 中批修改)导航生产上位机 自动偏心修正0604 cfile加了close 回零100改50 v100\(v10.4 中批修改)导航生产上位机\laser\debug\annotationtool.obj
c:\users\0\desktop\(v10.4 中批修改)导航生产上位机 自动偏心修正0604 cfile加了close 回零100改50 v100\(v10.4 中批修改)导航生产上位机\laser\debug\antialiastool.obj
c:\users\0\desktop\(v10.4 中批修改)导航生产上位机 自动偏心修正0604 cfile加了close 回零100改50 v100\(v10.4 中批修改)导航生产上位机\laser\debug\areaseries.obj
c:\users\0\desktop\(v10.4 中批修改)导航生产上位机 自动偏心修正0604 cfile加了close 回零100改50 v100\(v10.4 中批修改)导航生产上位机\laser\debug\armuartdlg.obj
c:\users\0\desktop\(v10.4 中批修改)导航生产上位机 自动偏心修正0604 cfile加了close 回零100改50 v100\(v10.4 中批修改)导航生产上位机\laser\debug\arrowseries.obj
c:\users\0\desktop\(v10.4 中批修改)导航生产上位机 自动偏心修正0604 cfile加了close 回零100改50 v100\(v10.4 中批修改)导航生产上位机\laser\debug\aspect.obj
c:\users\0\desktop\(v10.4 中批修改)导航生产上位机 自动偏心修正0604 cfile加了close 回零100改50 v100\(v10.4 中批修改)导航生产上位机\laser\debug\averagefunction.obj
c:\users\0\desktop\(v10.4 中批修改)导航生产上位机 自动偏心修正0604 cfile加了close 回零100改50 v100\(v10.4 中批修改)导航生产上位机\laser\debug\axes.obj
c:\users\0\desktop\(v10.4 中批修改)导航生产上位机 自动偏心修正0604 cfile加了close 回零100改50 v100\(v10.4 中批修改)导航生产上位机\laser\debug\axis.obj
c:\users\0\desktop\(v10.4 中批修改)导航生产上位机 自动偏心修正0604 cfile加了close 回零100改50 v100\(v10.4 中批修改)导航生产上位机\laser\debug\axisarrowtool.obj
c:\users\0\desktop\(v10.4 中批修改)导航生产上位机 自动偏心修正0604 cfile加了close 回零100改50 v100\(v10.4 中批修改)导航生产上位机\laser\debug\axisgridpen.obj
c:\users\0\desktop\(v10.4 中批修改)导航生产上位机 自动偏心修正0604 cfile加了close 回零100改50 v100\(v10.4 中批修改)导航生产上位机\laser\debug\axislabels.obj
c:\users\0\desktop\(v10.4 中批修改)导航生产上位机 自动偏心修正0604 cfile加了close 回零100改50 v100\(v10.4 中批修改)导航生产上位机\laser\debug\axislabelsitem.obj
c:\users\0\desktop\(v10.4 中批修改)导航生产上位机 自动偏心修正0604 cfile加了close 回零100改50 v100\(v10.4 中批修改)导航生产上位机\laser\debug\axisscrolltool.obj
c:\users\0\desktop\(v10.4 中批修改)导航生产上位机 自动偏心修正0604 cfile加了close 回零100改50 v100\(v10.4 中批修改)导航生产上位机\laser\debug\axistitle.obj
c:\users\0\desktop\(v10.4 中批修改)导航生产上位机 自动偏心修正0604 cfile加了close 回零100改50 v100\(v10.4 中批修改)导航生产上位机\laser\debug\backimage.obj
c:\users\0\desktop\(v10.4 中批修改)导航生产上位机 自动偏心修正0604 cfile加了close 回零100改50 v100\(v10.4 中批修改)导航生产上位机\laser\debug\bannertool.obj
c:\users\0\desktop\(v10.4 中批修改)导航生产上位机 自动偏心修正0604 cfile加了close 回零100改50 v100\(v10.4 中批修改)导航生产上位机\laser\debug\bar3dseries.obj
c:\users\0\desktop\(v10.4 中批修改)导航生产上位机 自动偏心修正0604 cfile加了close 回零100改50 v100\(v10.4 中批修改)导航生产上位机\laser\debug\barjoinseries.obj
c:\users\0\desktop\(v10.4 中批修改)导航生产上位机 自动偏心修正0604 cfile加了close 回零100改50 v100\(v10.4 中批修改)导航生产上位机\laser\debug\barseries.obj
c:\users\0\desktop\(v10.4 中批修改)导航生产上位机 自动偏心修正0604 cfile加了close 回零100改50 v100\(v10.4 中批修改)导航生产上位机\laser\debug\bevelfilter.obj
c:\users\0\desktop\(v10.4 中批修改)导航生产上位机 自动偏心修正0604 cfile加了close 回零100改50 v100\(v10.4 中批修改)导航生产上位机\laser\debug\bezierseries.obj
c:\users\0\desktop\(v10.4 中批修改)导航生产上位机 自动偏心修正0604 cfile加了close 回零100改50 v100\(v10.4 中批修改)导航生产上位机\laser\debug\blurfilter.obj
c:\users\0\desktop\(v10.4 中批修改)导航生产上位机 自动偏心修正0604 cfile加了close 回零100改50 v100\(v10.4 中批修改)导航生产上位机\laser\debug\bmpexport.obj
c:\users\0\desktop\(v10.4 中批修改)导航生产上位机 自动偏心修正0604 cfile加了close 回零100改50 v100\(v10.4 中批修改)导航生产上位机\laser\debug\bollingerfunction.obj
c:\users\0\desktop\(v10.4 中批修改)导航生产上位机 自动偏心修正0604 cfile加了close 回零100改50 v100\(v10.4 中批修改)导航生产上位机\laser\debug\bottomlview.obj
c:\users\0\desktop\(v10.4 中批修改)导航生产上位机 自动偏心修正0604 cfile加了close 回零100改50 v100\(v10.4 中批修改)导航生产上位机\laser\debug\bottomrview.obj
c:\users\0\desktop\(v10.4 中批修改)导航生产上位机 自动偏心修正0604 cfile加了close 回零100改50 v100\(v10.4 中批修改)导航生产上位机\laser\debug\boxplotseries.obj
c:\users\0\desktop\(v10.4 中批修改)导航生产上位机 自动偏心修正0604 cfile加了close 回零100改50 v100\(v10.4 中批修改)导航生产上位机\laser\debug\brightnessfilter.obj
c:\users\0\desktop\(v10.4 中批修改)导航生产上位机 自动偏心修正0604 cfile加了close 回零100改50 v100\(v10.4 中批修改)导航生产上位机\laser\debug\broadcastdlg.obj
c:\users\0\desktop\(v10.4 中批修改)导航生产上位机 自动偏心修正0604 cfile加了close 回零100改50 v100\(v10.4 中批修改)导航生产上位机\laser\debug\brush.obj
c:\users\0\desktop\(v10.4 中批修改)导航生产上位机 自动偏心修正0604 cfile加了close 回零100改50 v100\(v10.4 中批修改)导航生产上位机\laser\debug\bubble3dseries.obj
c:\users\0\desktop\(v10.4 中批修改)导航生产上位机 自动偏心修正0604 cfile加了close 回零100改50 v100\(v10.4 中批修改)导航生产上位机\laser\debug\bubbleseries.obj
c:\users\0\desktop\(v10.4 中批修改)导航生产上位机 自动偏心修正0604 cfile加了close 回零100改50 v100\(v10.4 中批修改)导航生产上位机\laser\debug\calendarcell.obj
c:\users\0\desktop\(v10.4 中批修改)导航生产上位机 自动偏心修正0604 cfile加了close 回零100改50 v100\(v10.4 中批修改)导航生产上位机\laser\debug\calendarcellupper.obj
c:\users\0\desktop\(v10.4 中批修改)导航生产上位机 自动偏心修正0604 cfile加了close 回零100改50 v100\(v10.4 中批修改)导航生产上位机\laser\debug\calendarseries.obj
c:\users\0\desktop\(v10.4 中批修改)导航生产上位机 自动偏心修正0604 cfile加了close 回零100改50 v100\(v10.4 中批修改)导航生产上位机\laser\debug\candleseries.obj
c:\users\0\desktop\(v10.4 中批修改)导航生产上位机 自动偏心修正0604 cfile加了close 回零100改50 v100\(v10.4 中批修改)导航生产上位机\laser\debug\canvas.obj
c:\users\0\desktop\(v10.4 中批修改)导航生产上位机 自动偏心修正0604 cfile加了close 回零100改50 v100\(v10.4 中批修改)导航生产上位机\laser\debug\ccifunction.obj
c:\users\0\desktop\(v10.4 中批修改)导航生产上位机 自动偏心修正0604 cfile加了close 回零100改50 v100\(v10.4 中批修改)导航生产上位机\laser\debug\cdmloginfo.obj
c:\users\0\desktop\(v10.4 中批修改)导航生产上位机 自动偏心修正0604 cfile加了close 回零100改50 v100\(v10.4 中批修改)导航生产上位机\laser\debug\chartaxispen.obj
c:\users\0\desktop\(v10.4 中批修改)导航生产上位机 自动偏心修正0604 cfile加了close 回零100改50 v100\(v10.4 中批修改)导航生产上位机\laser\debug\chartfont.obj
c:\users\0\desktop\(v10.4 中批修改)导航生产上位机 自动偏心修正0604 cfile加了close 回零100改50 v100\(v10.4 中批修改)导航生产上位机\laser\debug\charthiddenpen.obj
c:\users\0\desktop\(v10.4 中批修改)导航生产上位机 自动偏心修正0604 cfile加了close 回零100改50 v100\(v10.4 中批修改)导航生产上位机\laser\debug\chartimagetool.obj
c:\users\0\desktop\(v10.4 中批修改)导航生产上位机 自动偏心修正0604 cfile加了close 回零100改50 v100\(v10.4 中批修改)导航生产上位机\laser\debug\circlelabels.obj
c:\users\0\desktop\(v10.4 中批修改)导航生产上位机 自动偏心修正0604 cfile加了close 回零100改50 v100\(v10.4 中批修改)导航生产上位机\laser\debug\circulargauge.obj
c:\users\0\desktop\(v10.4 中批修改)导航生产上位机 自动偏心修正0604 cfile加了close 回零100改50 v100\(v10.4 中批修改)导航生产上位机\laser\debug\clipseriestool.obj
c:\users\0\desktop\(v10.4 中批修改)导航生产上位机 自动偏心修正0604 cfile加了close 回零100改50 v100\(v10.4 中批修改)导航生产上位机\laser\debug\clockseries.obj
c:\users\0\desktop\(v10.4 中批修改)导航生产上位机 自动偏心修正0604 cfile加了close 回零100改50 v100\(v10.4 中批修改)导航生产上位机\laser\debug\clvfunction.obj
c:\users\0\desktop\(v10.4 中批修改)导航生产上位机 自动偏心修正0604 cfile加了close 回零100改50 v100\(v10.4 中批修改)导航生产上位机\laser\debug\colorbandtool.obj
c:\users\0\desktop\(v10.4 中批修改)导航生产上位机 自动偏心修正0604 cfile加了close 回零100改50 v100\(v10.4 中批修改)导航生产上位机\laser\debug\colorfilter.obj
c:\users\0\desktop\(v10.4 中批修改)导航生产上位机 自动偏心修正0604 cfile加了close 回零100改50 v100\(v10.4 中批修改)导航生产上位机\laser\debug\colorgridseries.obj
c:\users\0\desktop\(v10.4 中批修改)导航生产上位机 自动偏心修正0604 cfile加了close 回零100改50 v100\(v10.4 中批修改)导航生产上位机\laser\debug\colorlinetool.obj
c:\users\0\desktop\(v10.4 中批修改)导航生产上位机 自动偏心修正0604 cfile加了close 回零100改50 v100\(v10.4 中批修改)导航生产上位机\laser\debug\compressfunction.obj
c:\users\0\desktop\(v10.4 中批修改)导航生产上位机 自动偏心修正0604 cfile加了close 回零100改50 v100\(v10.4 中批修改)导航生产上位机\laser\debug\contourlevel.obj
c:\users\0\desktop\(v10.4 中批修改)导航生产上位机 自动偏心修正0604 cfile加了close 回零100改50 v100\(v10.4 中批修改)导航生产上位机\laser\debug\contourlevels.obj
c:\users\0\desktop\(v10.4 中批修改)导航生产上位机 自动偏心修正0604 cfile加了close 回零100改50 v100\(v10.4 中批修改)导航生产上位机\laser\debug\contourmarks.obj
c:\users\0\desktop\(v10.4 中批修改)导航生产上位机 自动偏心修正0604 cfile加了close 回零100改50 v100\(v10.4 中批修改)导航生产上位机\laser\debug\contourseries.obj
c:\users\0\desktop\(v10.4 中批修改)导航生产上位机 自动偏心修正0604 cfile加了close 回零100改50 v100\(v10.4 中批修改)导航生产上位机\laser\debug\contrastfilter.obj
c:\users\0\desktop\(v10.4 中批修改)导航生产上位机 自动偏心修正0604 cfile加了close 回零100改50 v100\(v10.4 中批修改)导航生产上位机\laser\debug\controlform.obj
c:\users\0\desktop\(v10.4 中批修改)导航生产上位机 自动偏心修正0604 cfile加了close 回零100改50 v100\(v10.4 中批修改)导航生产上位机\laser\debug\crc16.obj
c:\users\0\desktop\(v10.4 中批修改)导航生产上位机 自动偏心修正0604 cfile加了close 回零100改50 v100\(v10.4 中批修改)导航生产上位机\laser\debug\cropfilter.obj
c:\users\0\desktop\(v10.4 中批修改)导航生产上位机 自动偏心修正0604 cfile加了close 回零100改50 v100\(v10.4 中批修改)导航生产上位机\laser\debug\cursortool.obj
c:\users\0\desktop\(v10.4 中批修改)导航生产上位机 自动偏心修正0604 cfile加了close 回零100改50 v100\(v10.4 中批修改)导航生产上位机\laser\debug\curvefittingfunction.obj
c:\users\0\desktop\(v10.4 中批修改)导航生产上位机 自动偏心修正0604 cfile加了close 回零100改50 v100\(v10.4 中批修改)导航生产上位机\laser\debug\custom3dpaletteseries.obj
c:\users\0\desktop\(v10.4 中批修改)导航生产上位机 自动偏心修正0604 cfile加了close 回零100改50 v100\(v10.4 中批修改)导航生产上位机\laser\debug\customfunction.obj
c:\users\0\desktop\(v10.4 中批修改)导航生产上位机 自动偏心修正0604 cfile加了close 回零100改50 v100\(v10.4 中批修改)导航生产上位机\laser\debug\customserieslist.obj
c:\users\0\desktop\(v10.4 中批修改)导航生产上位机 自动偏心修正0604 cfile加了close 回零100改50 v100\(v10.4 中批修改)导航生产上位机\laser\debug\darvasseries.obj
c:\users\0\desktop\(v10.4 中批修改)导航生产上位机 自动偏心修正0604 cfile加了close 回零100改50 v100\(v10.4 中批修改)导航生产上位机\laser\debug\datagramsocket.obj
c:\users\0\desktop\(v10.4 中批修改)导航生产上位机 自动偏心修正0604 cfile加了close 回零100改50 v100\(v10.4 中批修改)导航生产上位机\laser\debug\datatabletool.obj
c:\users\0\desktop\(v10.4 中批修改)导航生产上位机 自动偏心修正0604 cfile加了close 回零100改50 v100\(v10.4 中批修改)导航生产上位机\laser\debug\deltapointseries.obj
c:\users\0\desktop\(v10.4 中批修改)导航生产上位机 自动偏心修正0604 cfile加了close 回零100改50 v100\(v10.4 中批修改)导航生产上位机\laser\debug\diagnosisdlg.obj
c:\users\0\desktop\(v10.4 中批修改)导航生产上位机 自动偏心修正0604 cfile加了close 回零100改50 v100\(v10.4 中批修改)导航生产上位机\laser\debug\dinterpdlg.obj
c:\users\0\desktop\(v10.4 中批修改)导航生产上位机 自动偏心修正0604 cfile加了close 回零100改50 v100\(v10.4 中批修改)导航生产上位机\laser\debug\donutseries.obj
c:\users\0\desktop\(v10.4 中批修改)导航生产上位机 自动偏心修正0604 cfile加了close 回零100改50 v100\(v10.4 中批修改)导航生产上位机\laser\debug\downsamplingfunction.obj
c:\users\0\desktop\(v10.4 中批修改)导航生产上位机 自动偏心修正0604 cfile加了close 回零100改50 v100\(v10.4 中批修改)导航生产上位机\laser\debug\dragmarkstool.obj
c:\users\0\desktop\(v10.4 中批修改)导航生产上位机 自动偏心修正0604 cfile加了close 回零100改50 v100\(v10.4 中批修改)导航生产上位机\laser\debug\dragpointtool.obj
c:\users\0\desktop\(v10.4 中批修改)导航生产上位机 自动偏心修正0604 cfile加了close 回零100改50 v100\(v10.4 中批修改)导航生产上位机\laser\debug\drawline.obj
c:\users\0\desktop\(v10.4 中批修改)导航生产上位机 自动偏心修正0604 cfile加了close 回零100改50 v100\(v10.4 中批修改)导航生产上位机\laser\debug\drawlinelist.obj
c:\users\0\desktop\(v10.4 中批修改)导航生产上位机 自动偏心修正0604 cfile加了close 回零100改50 v100\(v10.4 中批修改)导航生产上位机\laser\debug\drawlinetool.obj
c:\users\0\desktop\(v10.4 中批修改)导航生产上位机 自动偏心修正0604 cfile加了close 回零100改50 v100\(v10.4 中批修改)导航生产上位机\laser\debug\dustdlg.obj
c:\users\0\desktop\(v10.4 中批修改)导航生产上位机 自动偏心修正0604 cfile加了close 回零100改50 v100\(v10.4 中批修改)导航生产上位机\laser\debug\embossfilter.obj
c:\users\0\desktop\(v10.4 中批修改)导航生产上位机 自动偏心修正0604 cfile加了close 回零100改50 v100\(v10.4 中批修改)导航生产上位机\laser\debug\environment.obj
c:\users\0\desktop\(v10.4 中批修改)导航生产上位机 自动偏心修正0604 cfile加了close 回零100改50 v100\(v10.4 中批修改)导航生产上位机\laser\debug\epsexport.obj
c:\users\0\desktop\(v10.4 中批修改)导航生产上位机 自动偏心修正0604 cfile加了close 回零100改50 v100\(v10.4 中批修改)导航生产上位机\laser\debug\errorbarseries.obj
c:\users\0\desktop\(v10.4 中批修改)导航生产上位机 自动偏心修正0604 cfile加了close 回零100改50 v100\(v10.4 中批修改)导航生产上位机\laser\debug\errorseries.obj
c:\users\0\desktop\(v10.4 中批修改)导航生产上位机 自动偏心修正0604 cfile加了close 回零100改50 v100\(v10.4 中批修改)导航生产上位机\laser\debug\expavgfunction.obj
c:\users\0\desktop\(v10.4 中批修改)导航生产上位机 自动偏心修正0604 cfile加了close 回零100改50 v100\(v10.4 中批修改)导航生产上位机\laser\debug\explodedslices.obj
c:\users\0\desktop\(v10.4 中批修改)导航生产上位机 自动偏心修正0604 cfile加了close 回零100改50 v100\(v10.4 中批修改)导航生产上位机\laser\debug\expmovavgfunction.obj
c:\users\0\desktop\(v10.4 中批修改)导航生产上位机 自动偏心修正0604 cfile加了close 回零100改50 v100\(v10.4 中批修改)导航生产上位机\laser\debug\export.obj
c:\users\0\desktop\(v10.4 中批修改)导航生产上位机 自动偏心修正0604 cfile加了close 回零100改50 v100\(v10.4 中批修改)导航生产上位机\laser\debug\extralegendtool.obj
c:\users\0\desktop\(v10.4 中批修改)导航生产上位机 自动偏心修正0604 cfile加了close 回零100改50 v100\(v10.4 中批修改)导航生产上位机\laser\debug\fadertool.obj
c:\users\0\desktop\(v10.4 中批修改)导航生产上位机 自动偏心修正0604 cfile加了close 回零100改50 v100\(v10.4 中批修改)导航生产上位机\laser\debug\fastlineseries.obj
c:\users\0\desktop\(v10.4 中批修改)导航生产上位机 自动偏心修正0604 cfile加了close 回零100改50 v100\(v10.4 中批修改)导航生产上位机\laser\debug\fibonacciitem.obj
c:\users\0\desktop\(v10.4 中批修改)导航生产上位机 自动偏心修正0604 cfile加了close 回零100改50 v100\(v10.4 中批修改)导航生产上位机\laser\debug\fibonaccilevels.obj
c:\users\0\desktop\(v10.4 中批修改)导航生产上位机 自动偏心修正0604 cfile加了close 回零100改50 v100\(v10.4 中批修改)导航生产上位机\laser\debug\fibonaccitool.obj
c:\users\0\desktop\(v10.4 中批修改)导航生产上位机 自动偏心修正0604 cfile加了close 回零100改50 v100\(v10.4 中批修改)导航生产上位机\laser\debug\fileutils.obj
c:\users\0\desktop\(v10.4 中批修改)导航生产上位机 自动偏心修正0604 cfile加了close 回零100改50 v100\(v10.4 中批修改)导航生产上位机\laser\debug\filteritems.obj
c:\users\0\desktop\(v10.4 中批修改)导航生产上位机 自动偏心修正0604 cfile加了close 回零100改50 v100\(v10.4 中批修改)导航生产上位机\laser\debug\filterregion.obj
c:\users\0\desktop\(v10.4 中批修改)导航生产上位机 自动偏心修正0604 cfile加了close 回零100改50 v100\(v10.4 中批修改)导航生产上位机\laser\debug\floatxyz.obj
c:\users\0\desktop\(v10.4 中批修改)导航生产上位机 自动偏心修正0604 cfile加了close 回零100改50 v100\(v10.4 中批修改)导航生产上位机\laser\debug\fpgadownloaddlg.obj
c:\users\0\desktop\(v10.4 中批修改)导航生产上位机 自动偏心修正0604 cfile加了close 回零100改50 v100\(v10.4 中批修改)导航生产上位机\laser\debug\framebrush.obj
c:\users\0\desktop\(v10.4 中批修改)导航生产上位机 自动偏心修正0604 cfile加了close 回零100改50 v100\(v10.4 中批修改)导航生产上位机\laser\debug\framedborder.obj
c:\users\0\desktop\(v10.4 中批修改)导航生产上位机 自动偏心修正0604 cfile加了close 回零100改50 v100\(v10.4 中批修改)导航生产上位机\laser\debug\frametool.obj
c:\users\0\desktop\(v10.4 中批修改)导航生产上位机 自动偏心修正0604 cfile加了close 回零100改50 v100\(v10.4 中批修改)导航生产上位机\laser\debug\fullscreentool.obj
c:\users\0\desktop\(v10.4 中批修改)导航生产上位机 自动偏心修正0604 cfile加了close 回零100改50 v100\(v10.4 中批修改)导航生产上位机\laser\debug\funnelseries.obj
c:\users\0\desktop\(v10.4 中批修改)导航生产上位机 自动偏心修正0604 cfile加了close 回零100改50 v100\(v10.4 中批修改)导航生产上位机\laser\debug\gammacorrectionfilter.obj
c:\users\0\desktop\(v10.4 中批修改)导航生产上位机 自动偏心修正0604 cfile加了close 回零100改50 v100\(v10.4 中批修改)导航生产上位机\laser\debug\ganttseries.obj
c:\users\0\desktop\(v10.4 中批修改)导航生产上位机 自动偏心修正0604 cfile加了close 回零100改50 v100\(v10.4 中批修改)导航生产上位机\laser\debug\gantttool.obj
c:\users\0\desktop\(v10.4 中批修改)导航生产上位机 自动偏心修正0604 cfile加了close 回零100改50 v100\(v10.4 中批修改)导航生产上位机\laser\debug\gaugepointerrange.obj
c:\users\0\desktop\(v10.4 中批修改)导航生产上位机 自动偏心修正0604 cfile加了close 回零100改50 v100\(v10.4 中批修改)导航生产上位机\laser\debug\gaugeseries.obj
c:\users\0\desktop\(v10.4 中批修改)导航生产上位机 自动偏心修正0604 cfile加了close 回零100改50 v100\(v10.4 中批修改)导航生产上位机\laser\debug\gaugeseriespointer.obj
c:\users\0\desktop\(v10.4 中批修改)导航生产上位机 自动偏心修正0604 cfile加了close 回零100改50 v100\(v10.4 中批修改)导航生产上位机\laser\debug\gifexport.obj
c:\users\0\desktop\(v10.4 中批修改)导航生产上位机 自动偏心修正0604 cfile加了close 回零100改50 v100\(v10.4 中批修改)导航生产上位机\laser\debug\gllightsource.obj
c:\users\0\desktop\(v10.4 中批修改)导航生产上位机 自动偏心修正0604 cfile加了close 回零100改50 v100\(v10.4 中批修改)导航生产上位机\laser\debug\glposition.obj
c:\users\0\desktop\(v10.4 中批修改)导航生产上位机 自动偏心修正0604 cfile加了close 回零100改50 v100\(v10.4 中批修改)导航生产上位机\laser\debug\gradient.obj
c:\users\0\desktop\(v10.4 中批修改)导航生产上位机 自动偏心修正0604 cfile加了close 回零100改50 v100\(v10.4 中批修改)导航生产上位机\laser\debug\graphform2d.obj
c:\users\0\desktop\(v10.4 中批修改)导航生产上位机 自动偏心修正0604 cfile加了close 回零100改50 v100\(v10.4 中批修改)导航生产上位机\laser\debug\graphform2dstate.obj
c:\users\0\desktop\(v10.4 中批修改)导航生产上位机 自动偏心修正0604 cfile加了close 回零100改50 v100\(v10.4 中批修改)导航生产上位机\laser\debug\graphform3d.obj
c:\users\0\desktop\(v10.4 中批修改)导航生产上位机 自动偏心修正0604 cfile加了close 回零100改50 v100\(v10.4 中批修改)导航生产上位机\laser\debug\grayscalefilter.obj
c:\users\0\desktop\(v10.4 中批修改)导航生产上位机 自动偏心修正0604 cfile加了close 回零100改50 v100\(v10.4 中批修改)导航生产上位机\laser\debug\gridbandbrush.obj
c:\users\0\desktop\(v10.4 中批修改)导航生产上位机 自动偏心修正0604 cfile加了close 回零100改50 v100\(v10.4 中批修改)导航生产上位机\laser\debug\gridbandtool.obj
c:\users\0\desktop\(v10.4 中批修改)导航生产上位机 自动偏心修正0604 cfile加了close 回零100改50 v100\(v10.4 中批修改)导航生产上位机\laser\debug\gridtransposetool.obj
c:\users\0\desktop\(v10.4 中批修改)导航生产上位机 自动偏心修正0604 cfile加了close 回零100改50 v100\(v10.4 中批修改)导航生产上位机\laser\debug\highlowlineseries.obj
c:\users\0\desktop\(v10.4 中批修改)导航生产上位机 自动偏心修正0604 cfile加了close 回零100改50 v100\(v10.4 中批修改)导航生产上位机\laser\debug\highlowseries.obj
c:\users\0\desktop\(v10.4 中批修改)导航生产上位机 自动偏心修正0604 cfile加了close 回零100改50 v100\(v10.4 中批修改)导航生产上位机\laser\debug\histogramfunction.obj
c:\users\0\desktop\(v10.4 中批修改)导航生产上位机 自动偏心修正0604 cfile加了close 回零100改50 v100\(v10.4 中批修改)导航生产上位机\laser\debug\histogramseries.obj
c:\users\0\desktop\(v10.4 中批修改)导航生产上位机 自动偏心修正0604 cfile加了close 回零100改50 v100\(v10.4 中批修改)导航生产上位机\laser\debug\horizareaseries.obj
c:\users\0\desktop\(v10.4 中批修改)导航生产上位机 自动偏心修正0604 cfile加了close 回零100改50 v100\(v10.4 中批修改)导航生产上位机\laser\debug\horizbarseries.obj
c:\users\0\desktop\(v10.4 中批修改)导航生产上位机 自动偏心修正0604 cfile加了close 回零100改50 v100\(v10.4 中批修改)导航生产上位机\laser\debug\horizboxplotseries.obj
c:\users\0\desktop\(v10.4 中批修改)导航生产上位机 自动偏心修正0604 cfile加了close 回零100改50 v100\(v10.4 中批修改)导航生产上位机\laser\debug\horizhistogramseries.obj
c:\users\0\desktop\(v10.4 中批修改)导航生产上位机 自动偏心修正0604 cfile加了close 回零100改50 v100\(v10.4 中批修改)导航生产上位机\laser\debug\horizlineseries.obj
c:\users\0\desktop\(v10.4 中批修改)导航生产上位机 自动偏心修正0604 cfile加了close 回零100改50 v100\(v10.4 中批修改)导航生产上位机\laser\debug\htmlexport.obj
c:\users\0\desktop\(v10.4 中批修改)导航生产上位机 自动偏心修正0604 cfile加了close 回零100改50 v100\(v10.4 中批修改)导航生产上位机\laser\debug\huelumsatfilter.obj
c:\users\0\desktop\(v10.4 中批修改)导航生产上位机 自动偏心修正0604 cfile加了close 回零100改50 v100\(v10.4 中批修改)导航生产上位机\laser\debug\imagebarseries.obj
c:\users\0\desktop\(v10.4 中批修改)导航生产上位机 自动偏心修正0604 cfile加了close 回零100改50 v100\(v10.4 中批修改)导航生产上位机\laser\debug\imagepointseries.obj
c:\users\0\desktop\(v10.4 中批修改)导航生产上位机 自动偏心修正0604 cfile加了close 回零100改50 v100\(v10.4 中批修改)导航生产上位机\laser\debug\import.obj
c:\users\0\desktop\(v10.4 中批修改)导航生产上位机 自动偏心修正0604 cfile加了close 回零100改50 v100\(v10.4 中批修改)导航生产上位机\laser\debug\inputdlg.obj
c:\users\0\desktop\(v10.4 中批修改)导航生产上位机 自动偏心修正0604 cfile加了close 回零100改50 v100\(v10.4 中批修改)导航生产上位机\laser\debug\insideapi.obj
c:\users\0\desktop\(v10.4 中批修改)导航生产上位机 自动偏心修正0604 cfile加了close 回零100改50 v100\(v10.4 中批修改)导航生产上位机\laser\debug\interp.obj
c:\users\0\desktop\(v10.4 中批修改)导航生产上位机 自动偏心修正0604 cfile加了close 回零100改50 v100\(v10.4 中批修改)导航生产上位机\laser\debug\isosurfaceseries.obj
c:\users\0\desktop\(v10.4 中批修改)导航生产上位机 自动偏心修正0604 cfile加了close 回零100改50 v100\(v10.4 中批修改)导航生产上位机\laser\debug\issuedlg.obj
c:\users\0\desktop\(v10.4 中批修改)导航生产上位机 自动偏心修正0604 cfile加了close 回零100改50 v100\(v10.4 中批修改)导航生产上位机\laser\debug\jpegexport.obj
c:\users\0\desktop\(v10.4 中批修改)导航生产上位机 自动偏心修正0604 cfile加了close 回零100改50 v100\(v10.4 中批修改)导航生产上位机\laser\debug\kagiseries.obj
c:\users\0\desktop\(v10.4 中批修改)导航生产上位机 自动偏心修正0604 cfile加了close 回零100改50 v100\(v10.4 中批修改)导航生产上位机\laser\debug\laser.obj
c:\users\0\desktop\(v10.4 中批修改)导航生产上位机 自动偏心修正0604 cfile加了close 回零100改50 v100\(v10.4 中批修改)导航生产上位机\laser\debug\laserdoc.obj
c:\users\0\desktop\(v10.4 中批修改)导航生产上位机 自动偏心修正0604 cfile加了close 回零100改50 v100\(v10.4 中批修改)导航生产上位机\laser\debug\laserview.obj
c:\users\0\desktop\(v10.4 中批修改)导航生产上位机 自动偏心修正0604 cfile加了close 回零100改50 v100\(v10.4 中批修改)导航生产上位机\laser\debug\legend.obj
c:\users\0\desktop\(v10.4 中批修改)导航生产上位机 自动偏心修正0604 cfile加了close 回零100改50 v100\(v10.4 中批修改)导航生产上位机\laser\debug\legenditem.obj
c:\users\0\desktop\(v10.4 中批修改)导航生产上位机 自动偏心修正0604 cfile加了close 回零100改50 v100\(v10.4 中批修改)导航生产上位机\laser\debug\legenditems.obj
c:\users\0\desktop\(v10.4 中批修改)导航生产上位机 自动偏心修正0604 cfile加了close 回零100改50 v100\(v10.4 中批修改)导航生产上位机\laser\debug\legendpalettetool.obj
c:\users\0\desktop\(v10.4 中批修改)导航生产上位机 自动偏心修正0604 cfile加了close 回零100改50 v100\(v10.4 中批修改)导航生产上位机\laser\debug\legendscrollbartool.obj
c:\users\0\desktop\(v10.4 中批修改)导航生产上位机 自动偏心修正0604 cfile加了close 回零100改50 v100\(v10.4 中批修改)导航生产上位机\laser\debug\legendsymbol.obj
c:\users\0\desktop\(v10.4 中批修改)导航生产上位机 自动偏心修正0604 cfile加了close 回零100改50 v100\(v10.4 中批修改)导航生产上位机\laser\debug\legendtitle.obj
c:\users\0\desktop\(v10.4 中批修改)导航生产上位机 自动偏心修正0604 cfile加了close 回零100改50 v100\(v10.4 中批修改)导航生产上位机\laser\debug\levelsegment.obj
c:\users\0\desktop\(v10.4 中批修改)导航生产上位机 自动偏心修正0604 cfile加了close 回零100改50 v100\(v10.4 中批修改)导航生产上位机\laser\debug\lighttool.obj
c:\users\0\desktop\(v10.4 中批修改)导航生产上位机 自动偏心修正0604 cfile加了close 回零100改50 v100\(v10.4 中批修改)导航生产上位机\laser\debug\lineargauge.obj
c:\users\0\desktop\(v10.4 中批修改)导航生产上位机 自动偏心修正0604 cfile加了close 回零100改50 v100\(v10.4 中批修改)导航生产上位机\laser\debug\lineseries.obj
c:\users\0\desktop\(v10.4 中批修改)导航生产上位机 自动偏心修正0604 cfile加了close 回零100改50 v100\(v10.4 中批修改)导航生产上位机\laser\debug\linktool.obj
c:\users\0\desktop\(v10.4 中批修改)导航生产上位机 自动偏心修正0604 cfile加了close 回零100改50 v100\(v10.4 中批修改)导航生产上位机\laser\debug\macdfunction.obj
c:\users\0\desktop\(v10.4 中批修改)导航生产上位机 自动偏心修正0604 cfile加了close 回零100改50 v100\(v10.4 中批修改)导航生产上位机\laser\debug\magnifytool.obj
c:\users\0\desktop\(v10.4 中批修改)导航生产上位机 自动偏心修正0604 cfile加了close 回零100改50 v100\(v10.4 中批修改)导航生产上位机\laser\debug\mainfrm.obj
c:\users\0\desktop\(v10.4 中批修改)导航生产上位机 自动偏心修正0604 cfile加了close 回零100改50 v100\(v10.4 中批修改)导航生产上位机\laser\debug\mappolygon.obj
c:\users\0\desktop\(v10.4 中批修改)导航生产上位机 自动偏心修正0604 cfile加了close 回零100改50 v100\(v10.4 中批修改)导航生产上位机\laser\debug\mappolygonlist.obj
c:\users\0\desktop\(v10.4 中批修改)导航生产上位机 自动偏心修正0604 cfile加了close 回零100改50 v100\(v10.4 中批修改)导航生产上位机\laser\debug\mapseries.obj
c:\users\0\desktop\(v10.4 中批修改)导航生产上位机 自动偏心修正0604 cfile加了close 回零100改50 v100\(v10.4 中批修改)导航生产上位机\laser\debug\margins.obj
c:\users\0\desktop\(v10.4 中批修改)导航生产上位机 自动偏心修正0604 cfile加了close 回零100改50 v100\(v10.4 中批修改)导航生产上位机\laser\debug\marks.obj
c:\users\0\desktop\(v10.4 中批修改)导航生产上位机 自动偏心修正0604 cfile加了close 回零100改50 v100\(v10.4 中批修改)导航生产上位机\laser\debug\markscallout.obj
c:\users\0\desktop\(v10.4 中批修改)导航生产上位机 自动偏心修正0604 cfile加了close 回零100改50 v100\(v10.4 中批修改)导航生产上位机\laser\debug\marksitem.obj
c:\users\0\desktop\(v10.4 中批修改)导航生产上位机 自动偏心修正0604 cfile加了close 回零100改50 v100\(v10.4 中批修改)导航生产上位机\laser\debug\markssymbol.obj
c:\users\0\desktop\(v10.4 中批修改)导航生产上位机 自动偏心修正0604 cfile加了close 回零100改50 v100\(v10.4 中批修改)导航生产上位机\laser\debug\markstiptool.obj
c:\users\0\desktop\(v10.4 中批修改)导航生产上位机 自动偏心修正0604 cfile加了close 回零100改50 v100\(v10.4 中批修改)导航生产上位机\laser\debug\medianfunction.obj
c:\users\0\desktop\(v10.4 中批修改)导航生产上位机 自动偏心修正0604 cfile加了close 回零100改50 v100\(v10.4 中批修改)导航生产上位机\laser\debug\metafileexport.obj
c:\users\0\desktop\(v10.4 中批修改)导航生产上位机 自动偏心修正0604 cfile加了close 回零100改50 v100\(v10.4 中批修改)导航生产上位机\laser\debug\mirrorfilter.obj
c:\users\0\desktop\(v10.4 中批修改)导航生产上位机 自动偏心修正0604 cfile加了close 回零100改50 v100\(v10.4 中批修改)导航生产上位机\laser\debug\modefunction.obj
c:\users\0\desktop\(v10.4 中批修改)导航生产上位机 自动偏心修正0604 cfile加了close 回零100改50 v100\(v10.4 中批修改)导航生产上位机\laser\debug\mosaicfilter.obj
c:\users\0\desktop\(v10.4 中批修改)导航生产上位机 自动偏心修正0604 cfile加了close 回零100改50 v100\(v10.4 中批修改)导航生产上位机\laser\debug\movingavgfunction.obj
c:\users\0\desktop\(v10.4 中批修改)导航生产上位机 自动偏心修正0604 cfile加了close 回零100改50 v100\(v10.4 中批修改)导航生产上位机\laser\debug\mysplitter.obj
c:\users\0\desktop\(v10.4 中批修改)导航生产上位机 自动偏心修正0604 cfile加了close 回零100改50 v100\(v10.4 中批修改)导航生产上位机\laser\debug\mywritelog.obj
c:\users\0\desktop\(v10.4 中批修改)导航生产上位机 自动偏心修正0604 cfile加了close 回零100改50 v100\(v10.4 中批修改)导航生产上位机\laser\debug\nativeexport.obj
c:\users\0\desktop\(v10.4 中批修改)导航生产上位机 自动偏心修正0604 cfile加了close 回零100改50 v100\(v10.4 中批修改)导航生产上位机\laser\debug\nearesttool.obj
c:\users\0\desktop\(v10.4 中批修改)导航生产上位机 自动偏心修正0604 cfile加了close 回零100改50 v100\(v10.4 中批修改)导航生产上位机\laser\debug\netparam.obj
c:\users\0\desktop\(v10.4 中批修改)导航生产上位机 自动偏心修正0604 cfile加了close 回零100改50 v100\(v10.4 中批修改)导航生产上位机\laser\debug\networkutils.obj
c:\users\0\desktop\(v10.4 中批修改)导航生产上位机 自动偏心修正0604 cfile加了close 回零100改50 v100\(v10.4 中批修改)导航生产上位机\laser\debug\numericgauge.obj
c:\users\0\desktop\(v10.4 中批修改)导航生产上位机 自动偏心修正0604 cfile加了close 回零100改50 v100\(v10.4 中批修改)导航生产上位机\laser\debug\numericmarker.obj
c:\users\0\desktop\(v10.4 中批修改)导航生产上位机 自动偏心修正0604 cfile加了close 回零100改50 v100\(v10.4 中批修改)导航生产上位机\laser\debug\obvfunction.obj
c:\users\0\desktop\(v10.4 中批修改)导航生产上位机 自动偏心修正0604 cfile加了close 回零100改50 v100\(v10.4 中批修改)导航生产上位机\laser\debug\operateexcelfile.obj
c:\users\0\desktop\(v10.4 中批修改)导航生产上位机 自动偏心修正0604 cfile加了close 回零100改50 v100\(v10.4 中批修改)导航生产上位机\laser\debug\orgitem.obj
c:\users\0\desktop\(v10.4 中批修改)导航生产上位机 自动偏心修正0604 cfile加了close 回零100改50 v100\(v10.4 中批修改)导航生产上位机\laser\debug\orgitemcollection.obj
c:\users\0\desktop\(v10.4 中批修改)导航生产上位机 自动偏心修正0604 cfile加了close 回零100改50 v100\(v10.4 中批修改)导航生产上位机\laser\debug\orgseries.obj
c:\users\0\desktop\(v10.4 中批修改)导航生产上位机 自动偏心修正0604 cfile加了close 回零100改50 v100\(v10.4 中批修改)导航生产上位机\laser\debug\orgshape.obj
c:\users\0\desktop\(v10.4 中批修改)导航生产上位机 自动偏心修正0604 cfile加了close 回零100改50 v100\(v10.4 中批修改)导航生产上位机\laser\debug\page.obj
c:\users\0\desktop\(v10.4 中批修改)导航生产上位机 自动偏心修正0604 cfile加了close 回零100改50 v100\(v10.4 中批修改)导航生产上位机\laser\debug\pagenumtool.obj
c:\users\0\desktop\(v10.4 中批修改)导航生产上位机 自动偏心修正0604 cfile加了close 回零100改50 v100\(v10.4 中批修改)导航生产上位机\laser\debug\panel.obj
c:\users\0\desktop\(v10.4 中批修改)导航生产上位机 自动偏心修正0604 cfile加了close 回零100改50 v100\(v10.4 中批修改)导航生产上位机\laser\debug\pcxexport.obj
c:\users\0\desktop\(v10.4 中批修改)导航生产上位机 自动偏心修正0604 cfile加了close 回零100改50 v100\(v10.4 中批修改)导航生产上位机\laser\debug\pdfexport.obj
c:\users\0\desktop\(v10.4 中批修改)导航生产上位机 自动偏心修正0604 cfile加了close 回零100改50 v100\(v10.4 中批修改)导航生产上位机\laser\debug\pen.obj
c:\users\0\desktop\(v10.4 中批修改)导航生产上位机 自动偏心修正0604 cfile加了close 回零100改50 v100\(v10.4 中批修改)导航生产上位机\laser\debug\performancefunction.obj
c:\users\0\desktop\(v10.4 中批修改)导航生产上位机 自动偏心修正0604 cfile加了close 回零100改50 v100\(v10.4 中批修改)导航生产上位机\laser\debug\piemarks.obj
c:\users\0\desktop\(v10.4 中批修改)导航生产上位机 自动偏心修正0604 cfile加了close 回零100改50 v100\(v10.4 中批修改)导航生产上位机\laser\debug\pieotherslice.obj
c:\users\0\desktop\(v10.4 中批修改)导航生产上位机 自动偏心修正0604 cfile加了close 回零100改50 v100\(v10.4 中批修改)导航生产上位机\laser\debug\pieseries.obj
c:\users\0\desktop\(v10.4 中批修改)导航生产上位机 自动偏心修正0604 cfile加了close 回零100改50 v100\(v10.4 中批修改)导航生产上位机\laser\debug\pietool.obj
c:\users\0\desktop\(v10.4 中批修改)导航生产上位机 自动偏心修正0604 cfile加了close 回零100改50 v100\(v10.4 中批修改)导航生产上位机\laser\debug\pngexport.obj
c:\users\0\desktop\(v10.4 中批修改)导航生产上位机 自动偏心修正0604 cfile加了close 回零100改50 v100\(v10.4 中批修改)导航生产上位机\laser\debug\point3dseries.obj
c:\users\0\desktop\(v10.4 中批修改)导航生产上位机 自动偏心修正0604 cfile加了close 回零100改50 v100\(v10.4 中批修改)导航生产上位机\laser\debug\pointarray.obj
c:\users\0\desktop\(v10.4 中批修改)导航生产上位机 自动偏心修正0604 cfile加了close 回零100改50 v100\(v10.4 中批修改)导航生产上位机\laser\debug\pointer.obj
c:\users\0\desktop\(v10.4 中批修改)导航生产上位机 自动偏心修正0604 cfile加了close 回零100改50 v100\(v10.4 中批修改)导航生产上位机\laser\debug\pointfigureseries.obj
c:\users\0\desktop\(v10.4 中批修改)导航生产上位机 自动偏心修正0604 cfile加了close 回零100改50 v100\(v10.4 中批修改)导航生产上位机\laser\debug\pointseries.obj
c:\users\0\desktop\(v10.4 中批修改)导航生产上位机 自动偏心修正0604 cfile加了close 回零100改50 v100\(v10.4 中批修改)导航生产上位机\laser\debug\polarbarseries.obj
c:\users\0\desktop\(v10.4 中批修改)导航生产上位机 自动偏心修正0604 cfile加了close 回零100改50 v100\(v10.4 中批修改)导航生产上位机\laser\debug\polargridseries.obj
c:\users\0\desktop\(v10.4 中批修改)导航生产上位机 自动偏心修正0604 cfile加了close 回零100改50 v100\(v10.4 中批修改)导航生产上位机\laser\debug\polarseries.obj
c:\users\0\desktop\(v10.4 中批修改)导航生产上位机 自动偏心修正0604 cfile加了close 回零100改50 v100\(v10.4 中批修改)导航生产上位机\laser\debug\printer.obj
c:\users\0\desktop\(v10.4 中批修改)导航生产上位机 自动偏心修正0604 cfile加了close 回零100改50 v100\(v10.4 中批修改)导航生产上位机\laser\debug\printersettings.obj
c:\users\0\desktop\(v10.4 中批修改)导航生产上位机 自动偏心修正0604 cfile加了close 回零100改50 v100\(v10.4 中批修改)导航生产上位机\laser\debug\programdowndlg.obj
c:\users\0\desktop\(v10.4 中批修改)导航生产上位机 自动偏心修正0604 cfile加了close 回零100改50 v100\(v10.4 中批修改)导航生产上位机\laser\debug\pvofunction.obj
c:\users\0\desktop\(v10.4 中批修改)导航生产上位机 自动偏心修正0604 cfile加了close 回零100改50 v100\(v10.4 中批修改)导航生产上位机\laser\debug\pyramidseries.obj
c:\users\0\desktop\(v10.4 中批修改)导航生产上位机 自动偏心修正0604 cfile加了close 回零100改50 v100\(v10.4 中批修改)导航生产上位机\laser\debug\radarseries.obj
c:\users\0\desktop\(v10.4 中批修改)导航生产上位机 自动偏心修正0604 cfile加了close 回零100改50 v100\(v10.4 中批修改)导航生产上位机\laser\debug\rectangletool.obj
c:\users\0\desktop\(v10.4 中批修改)导航生产上位机 自动偏心修正0604 cfile加了close 回零100改50 v100\(v10.4 中批修改)导航生产上位机\laser\debug\renkoseries.obj
c:\users\0\desktop\(v10.4 中批修改)导航生产上位机 自动偏心修正0604 cfile加了close 回零100改50 v100\(v10.4 中批修改)导航生产上位机\laser\debug\resizefilter.obj
c:\users\0\desktop\(v10.4 中批修改)导航生产上位机 自动偏心修正0604 cfile加了close 回零100改50 v100\(v10.4 中批修改)导航生产上位机\laser\debug\rmsfunction.obj
c:\users\0\desktop\(v10.4 中批修改)导航生产上位机 自动偏心修正0604 cfile加了close 回零100改50 v100\(v10.4 中批修改)导航生产上位机\laser\debug\rotatefilter.obj
c:\users\0\desktop\(v10.4 中批修改)导航生产上位机 自动偏心修正0604 cfile加了close 回零100改50 v100\(v10.4 中批修改)导航生产上位机\laser\debug\rotatetool.obj
c:\users\0\desktop\(v10.4 中批修改)导航生产上位机 自动偏心修正0604 cfile加了close 回零100改50 v100\(v10.4 中批修改)导航生产上位机\laser\debug\rsifunction.obj
c:\users\0\desktop\(v10.4 中批修改)导航生产上位机 自动偏心修正0604 cfile加了close 回零100改50 v100\(v10.4 中批修改)导航生产上位机\laser\debug\sarfunction.obj
c:\users\0\desktop\(v10.4 中批修改)导航生产上位机 自动偏心修正0604 cfile加了close 回零100改50 v100\(v10.4 中批修改)导航生产上位机\laser\debug\scan2dcfg.obj
c:\users\0\desktop\(v10.4 中批修改)导航生产上位机 自动偏心修正0604 cfile加了close 回零100改50 v100\(v10.4 中批修改)导航生产上位机\laser\debug\scan3dcfg.obj
c:\users\0\desktop\(v10.4 中批修改)导航生产上位机 自动偏心修正0604 cfile加了close 回零100改50 v100\(v10.4 中批修改)导航生产上位机\laser\debug\scanf2ddlg.obj
c:\users\0\desktop\(v10.4 中批修改)导航生产上位机 自动偏心修正0604 cfile加了close 回零100改50 v100\(v10.4 中批修改)导航生产上位机\laser\debug\scanf3ddlg.obj
c:\users\0\desktop\(v10.4 中批修改)导航生产上位机 自动偏心修正0604 cfile加了close 回零100改50 v100\(v10.4 中批修改)导航生产上位机\laser\debug\scroll.obj
c:\users\0\desktop\(v10.4 中批修改)导航生产上位机 自动偏心修正0604 cfile加了close 回零100改50 v100\(v10.4 中批修改)导航生产上位机\laser\debug\scrollbarthumb.obj
c:\users\0\desktop\(v10.4 中批修改)导航生产上位机 自动偏心修正0604 cfile加了close 回零100改50 v100\(v10.4 中批修改)导航生产上位机\laser\debug\selectortool.obj
c:\users\0\desktop\(v10.4 中批修改)导航生产上位机 自动偏心修正0604 cfile加了close 回零100改50 v100\(v10.4 中批修改)导航生产上位机\laser\debug\serialutils.obj
c:\users\0\desktop\(v10.4 中批修改)导航生产上位机 自动偏心修正0604 cfile加了close 回零100改50 v100\(v10.4 中批修改)导航生产上位机\laser\debug\series.obj
c:\users\0\desktop\(v10.4 中批修改)导航生产上位机 自动偏心修正0604 cfile加了close 回零100改50 v100\(v10.4 中批修改)导航生产上位机\laser\debug\seriesanimationtool.obj
c:\users\0\desktop\(v10.4 中批修改)导航生产上位机 自动偏心修正0604 cfile加了close 回零100改50 v100\(v10.4 中批修改)导航生产上位机\laser\debug\seriesbandtool.obj
c:\users\0\desktop\(v10.4 中批修改)导航生产上位机 自动偏心修正0604 cfile加了close 回零100改50 v100\(v10.4 中批修改)导航生产上位机\laser\debug\seriesgroup.obj
c:\users\0\desktop\(v10.4 中批修改)导航生产上位机 自动偏心修正0604 cfile加了close 回零100改50 v100\(v10.4 中批修改)导航生产上位机\laser\debug\seriesgroups.obj
c:\users\0\desktop\(v10.4 中批修改)导航生产上位机 自动偏心修正0604 cfile加了close 回零100改50 v100\(v10.4 中批修改)导航生产上位机\laser\debug\serieslist.obj
c:\users\0\desktop\(v10.4 中批修改)导航生产上位机 自动偏心修正0604 cfile加了close 回零100改50 v100\(v10.4 中批修改)导航生产上位机\laser\debug\seriesmarkposition.obj
c:\users\0\desktop\(v10.4 中批修改)导航生产上位机 自动偏心修正0604 cfile加了close 回零100改50 v100\(v10.4 中批修改)导航生产上位机\laser\debug\seriesmarkspositions.obj
c:\users\0\desktop\(v10.4 中批修改)导航生产上位机 自动偏心修正0604 cfile加了close 回零100改50 v100\(v10.4 中批修改)导航生产上位机\laser\debug\seriesregiontool.obj
c:\users\0\desktop\(v10.4 中批修改)导航生产上位机 自动偏心修正0604 cfile加了close 回零100改50 v100\(v10.4 中批修改)导航生产上位机\laser\debug\seriesstatstool.obj
c:\users\0\desktop\(v10.4 中批修改)导航生产上位机 自动偏心修正0604 cfile加了close 回零100改50 v100\(v10.4 中批修改)导航生产上位机\laser\debug\serveripdlg.obj
c:\users\0\desktop\(v10.4 中批修改)导航生产上位机 自动偏心修正0604 cfile加了close 回零100改50 v100\(v10.4 中批修改)导航生产上位机\laser\debug\setappdlg.obj
c:\users\0\desktop\(v10.4 中批修改)导航生产上位机 自动偏心修正0604 cfile加了close 回零100改50 v100\(v10.4 中批修改)导航生产上位机\laser\debug\setformview.obj
c:\users\0\desktop\(v10.4 中批修改)导航生产上位机 自动偏心修正0604 cfile加了close 回零100改50 v100\(v10.4 中批修改)导航生产上位机\laser\debug\setproddlg.obj
c:\users\0\desktop\(v10.4 中批修改)导航生产上位机 自动偏心修正0604 cfile加了close 回零100改50 v100\(v10.4 中批修改)导航生产上位机\laser\debug\setrddlg.obj
c:\users\0\desktop\(v10.4 中批修改)导航生产上位机 自动偏心修正0604 cfile加了close 回零100改50 v100\(v10.4 中批修改)导航生产上位机\laser\debug\shapeseries.obj
c:\users\0\desktop\(v10.4 中批修改)导航生产上位机 自动偏心修正0604 cfile加了close 回零100改50 v100\(v10.4 中批修改)导航生产上位机\laser\debug\sharpenfilter.obj
c:\users\0\desktop\(v10.4 中批修改)导航生产上位机 自动偏心修正0604 cfile加了close 回零100改50 v100\(v10.4 中批修改)导航生产上位机\laser\debug\si2dcfg.obj
c:\users\0\desktop\(v10.4 中批修改)导航生产上位机 自动偏心修正0604 cfile加了close 回零100改50 v100\(v10.4 中批修改)导航生产上位机\laser\debug\simuagvtest.obj
c:\users\0\desktop\(v10.4 中批修改)导航生产上位机 自动偏心修正0604 cfile加了close 回零100改50 v100\(v10.4 中批修改)导航生产上位机\laser\debug\simuagvtestdlg.obj
c:\users\0\desktop\(v10.4 中批修改)导航生产上位机 自动偏心修正0604 cfile加了close 回零100改50 v100\(v10.4 中批修改)导航生产上位机\laser\debug\single2ddlg.obj
c:\users\0\desktop\(v10.4 中批修改)导航生产上位机 自动偏心修正0604 cfile加了close 回零100改50 v100\(v10.4 中批修改)导航生产上位机\laser\debug\smithseries.obj
c:\users\0\desktop\(v10.4 中批修改)导航生产上位机 自动偏心修正0604 cfile加了close 回零100改50 v100\(v10.4 中批修改)导航生产上位机\laser\debug\smoothingfunction.obj
c:\users\0\desktop\(v10.4 中批修改)导航生产上位机 自动偏心修正0604 cfile加了close 回零100改50 v100\(v10.4 中批修改)导航生产上位机\laser\debug\smoothpoints.obj
c:\users\0\desktop\(v10.4 中批修改)导航生产上位机 自动偏心修正0604 cfile加了close 回零100改50 v100\(v10.4 中批修改)导航生产上位机\laser\debug\softenfilter.obj
c:\users\0\desktop\(v10.4 中批修改)导航生产上位机 自动偏心修正0604 cfile加了close 回零100改50 v100\(v10.4 中批修改)导航生产上位机\laser\debug\spacing.obj
c:\users\0\desktop\(v10.4 中批修改)导航生产上位机 自动偏心修正0604 cfile加了close 回零100改50 v100\(v10.4 中批修改)导航生产上位机\laser\debug\stdafx.obj
c:\users\0\desktop\(v10.4 中批修改)导航生产上位机 自动偏心修正0604 cfile加了close 回零100改50 v100\(v10.4 中批修改)导航生产上位机\laser\debug\stddeviationfunction.obj
c:\users\0\desktop\(v10.4 中批修改)导航生产上位机 自动偏心修正0604 cfile加了close 回零100改50 v100\(v10.4 中批修改)导航生产上位机\laser\debug\strings.obj
c:\users\0\desktop\(v10.4 中批修改)导航生产上位机 自动偏心修正0604 cfile加了close 回零100改50 v100\(v10.4 中批修改)导航生产上位机\laser\debug\subgradient.obj
c:\users\0\desktop\(v10.4 中批修改)导航生产上位机 自动偏心修正0604 cfile加了close 回零100改50 v100\(v10.4 中批修改)导航生产上位机\laser\debug\subsetteefunction.obj
c:\users\0\desktop\(v10.4 中批修改)导航生产上位机 自动偏心修正0604 cfile加了close 回零100改50 v100\(v10.4 中批修改)导航生产上位机\laser\debug\surfacenearesttool.obj
c:\users\0\desktop\(v10.4 中批修改)导航生产上位机 自动偏心修正0604 cfile加了close 回零100改50 v100\(v10.4 中批修改)导航生产上位机\laser\debug\surfaceseries.obj
c:\users\0\desktop\(v10.4 中批修改)导航生产上位机 自动偏心修正0604 cfile加了close 回零100改50 v100\(v10.4 中批修改)导航生产上位机\laser\debug\surfacesides.obj
c:\users\0\desktop\(v10.4 中批修改)导航生产上位机 自动偏心修正0604 cfile加了close 回零100改50 v100\(v10.4 中批修改)导航生产上位机\laser\debug\svgexport.obj
c:\users\0\desktop\(v10.4 中批修改)导航生产上位机 自动偏心修正0604 cfile加了close 回零100改50 v100\(v10.4 中批修改)导航生产上位机\laser\debug\systemload.obj
c:\users\0\desktop\(v10.4 中批修改)导航生产上位机 自动偏心修正0604 cfile加了close 回零100改50 v100\(v10.4 中批修改)导航生产上位机\laser\debug\tablelegend.obj
c:\users\0\desktop\(v10.4 中批修改)导航生产上位机 自动偏心修正0604 cfile加了close 回零100改50 v100\(v10.4 中批修改)导航生产上位机\laser\debug\tagcloudseries.obj
c:\users\0\desktop\(v10.4 中批修改)导航生产上位机 自动偏心修正0604 cfile加了close 回零100改50 v100\(v10.4 中批修改)导航生产上位机\laser\debug\tchart.obj
c:\users\0\desktop\(v10.4 中批修改)导航生产上位机 自动偏心修正0604 cfile加了close 回零100改50 v100\(v10.4 中批修改)导航生产上位机\laser\debug\tchart1.obj
c:\users\0\desktop\(v10.4 中批修改)导航生产上位机 自动偏心修正0604 cfile加了close 回零100改50 v100\(v10.4 中批修改)导航生产上位机\laser\debug\teecustomshape.obj
c:\users\0\desktop\(v10.4 中批修改)导航生产上位机 自动偏心修正0604 cfile加了close 回零100改50 v100\(v10.4 中批修改)导航生产上位机\laser\debug\teefilter.obj
c:\users\0\desktop\(v10.4 中批修改)导航生产上位机 自动偏心修正0604 cfile加了close 回零100改50 v100\(v10.4 中批修改)导航生产上位机\laser\debug\teefont.obj
c:\users\0\desktop\(v10.4 中批修改)导航生产上位机 自动偏心修正0604 cfile加了close 回零100改50 v100\(v10.4 中批修改)导航生产上位机\laser\debug\teefunction.obj
c:\users\0\desktop\(v10.4 中批修改)导航生产上位机 自动偏心修正0604 cfile加了close 回零100改50 v100\(v10.4 中批修改)导航生产上位机\laser\debug\teeopengl.obj
c:\users\0\desktop\(v10.4 中批修改)导航生产上位机 自动偏心修正0604 cfile加了close 回零100改50 v100\(v10.4 中批修改)导航生产上位机\laser\debug\teepicture.obj
c:\users\0\desktop\(v10.4 中批修改)导航生产上位机 自动偏心修正0604 cfile加了close 回零100改50 v100\(v10.4 中批修改)导航生产上位机\laser\debug\teepoint2d.obj
c:\users\0\desktop\(v10.4 中批修改)导航生产上位机 自动偏心修正0604 cfile加了close 回零100改50 v100\(v10.4 中批修改)导航生产上位机\laser\debug\teepoint3d.obj
c:\users\0\desktop\(v10.4 中批修改)导航生产上位机 自动偏心修正0604 cfile加了close 回零100改50 v100\(v10.4 中批修改)导航生产上位机\laser\debug\teerect.obj
c:\users\0\desktop\(v10.4 中批修改)导航生产上位机 自动偏心修正0604 cfile加了close 回零100改50 v100\(v10.4 中批修改)导航生产上位机\laser\debug\teeshadow.obj
c:\users\0\desktop\(v10.4 中批修改)导航生产上位机 自动偏心修正0604 cfile加了close 回零100改50 v100\(v10.4 中批修改)导航生产上位机\laser\debug\teeshape.obj
c:\users\0\desktop\(v10.4 中批修改)导航生产上位机 自动偏心修正0604 cfile加了close 回零100改50 v100\(v10.4 中批修改)导航生产上位机\laser\debug\teeshapepanel.obj
c:\users\0\desktop\(v10.4 中批修改)导航生产上位机 自动偏心修正0604 cfile加了close 回零100改50 v100\(v10.4 中批修改)导航生产上位机\laser\debug\tempercfg.obj
c:\users\0\desktop\(v10.4 中批修改)导航生产上位机 自动偏心修正0604 cfile加了close 回零100改50 v100\(v10.4 中批修改)导航生产上位机\laser\debug\temperrecorddlg.obj
c:\users\0\desktop\(v10.4 中批修改)导航生产上位机 自动偏心修正0604 cfile加了close 回零100改50 v100\(v10.4 中批修改)导航生产上位机\laser\debug\text3dtool.obj
c:\users\0\desktop\(v10.4 中批修改)导航生产上位机 自动偏心修正0604 cfile加了close 回零100改50 v100\(v10.4 中批修改)导航生产上位机\laser\debug\textexport.obj
c:\users\0\desktop\(v10.4 中批修改)导航生产上位机 自动偏心修正0604 cfile加了close 回零100改50 v100\(v10.4 中批修改)导航生产上位机\laser\debug\tilefilter.obj
c:\users\0\desktop\(v10.4 中批修改)导航生产上位机 自动偏心修正0604 cfile加了close 回零100改50 v100\(v10.4 中批修改)导航生产上位机\laser\debug\titles.obj
c:\users\0\desktop\(v10.4 中批修改)导航生产上位机 自动偏心修正0604 cfile加了close 回零100改50 v100\(v10.4 中批修改)导航生产上位机\laser\debug\toollist.obj
c:\users\0\desktop\(v10.4 中批修改)导航生产上位机 自动偏心修正0604 cfile加了close 回零100改50 v100\(v10.4 中批修改)导航生产上位机\laser\debug\tools.obj
c:\users\0\desktop\(v10.4 中批修改)导航生产上位机 自动偏心修正0604 cfile加了close 回零100改50 v100\(v10.4 中批修改)导航生产上位机\laser\debug\toplview.obj
c:\users\0\desktop\(v10.4 中批修改)导航生产上位机 自动偏心修正0604 cfile加了close 回零100改50 v100\(v10.4 中批修改)导航生产上位机\laser\debug\toprview.obj
c:\users\0\desktop\(v10.4 中批修改)导航生产上位机 自动偏心修正0604 cfile加了close 回零100改50 v100\(v10.4 中批修改)导航生产上位机\laser\debug\towerseries.obj
c:\users\0\desktop\(v10.4 中批修改)导航生产上位机 自动偏心修正0604 cfile加了close 回零100改50 v100\(v10.4 中批修改)导航生产上位机\laser\debug\transposeseriestool.obj
c:\users\0\desktop\(v10.4 中批修改)导航生产上位机 自动偏心修正0604 cfile加了close 回零100改50 v100\(v10.4 中批修改)导航生产上位机\laser\debug\trendfunction.obj
c:\users\0\desktop\(v10.4 中批修改)导航生产上位机 自动偏心修正0604 cfile加了close 回零100改50 v100\(v10.4 中批修改)导航生产上位机\laser\debug\trisurfaceseries.obj
c:\users\0\desktop\(v10.4 中批修改)导航生产上位机 自动偏心修正0604 cfile加了close 回零100改50 v100\(v10.4 中批修改)导航生产上位机\laser\debug\uartcfg.obj
c:\users\0\desktop\(v10.4 中批修改)导航生产上位机 自动偏心修正0604 cfile加了close 回零100改50 v100\(v10.4 中批修改)导航生产上位机\laser\debug\uartdatadlg.obj
c:\users\0\desktop\(v10.4 中批修改)导航生产上位机 自动偏心修正0604 cfile加了close 回零100改50 v100\(v10.4 中批修改)导航生产上位机\laser\debug\valuelist.obj
c:\users\0\desktop\(v10.4 中批修改)导航生产上位机 自动偏心修正0604 cfile加了close 回零100改50 v100\(v10.4 中批修改)导航生产上位机\laser\debug\valuelists.obj
c:\users\0\desktop\(v10.4 中批修改)导航生产上位机 自动偏心修正0604 cfile加了close 回零100改50 v100\(v10.4 中批修改)导航生产上位机\laser\debug\vector3dseries.obj
c:\users\0\desktop\(v10.4 中批修改)导航生产上位机 自动偏心修正0604 cfile加了close 回零100改50 v100\(v10.4 中批修改)导航生产上位机\laser\debug\videoplayertool.obj
c:\users\0\desktop\(v10.4 中批修改)导航生产上位机 自动偏心修正0604 cfile加了close 回零100改50 v100\(v10.4 中批修改)导航生产上位机\laser\debug\videotool.obj
c:\users\0\desktop\(v10.4 中批修改)导航生产上位机 自动偏心修正0604 cfile加了close 回零100改50 v100\(v10.4 中批修改)导航生产上位机\laser\debug\volumepipeseries.obj
c:\users\0\desktop\(v10.4 中批修改)导航生产上位机 自动偏心修正0604 cfile加了close 回零100改50 v100\(v10.4 中批修改)导航生产上位机\laser\debug\volumeseries.obj
c:\users\0\desktop\(v10.4 中批修改)导航生产上位机 自动偏心修正0604 cfile加了close 回零100改50 v100\(v10.4 中批修改)导航生产上位机\laser\debug\wall.obj
c:\users\0\desktop\(v10.4 中批修改)导航生产上位机 自动偏心修正0604 cfile加了close 回零100改50 v100\(v10.4 中批修改)导航生产上位机\laser\debug\walls.obj
c:\users\0\desktop\(v10.4 中批修改)导航生产上位机 自动偏心修正0604 cfile加了close 回零100改50 v100\(v10.4 中批修改)导航生产上位机\laser\debug\waterfallseries.obj
c:\users\0\desktop\(v10.4 中批修改)导航生产上位机 自动偏心修正0604 cfile加了close 回零100改50 v100\(v10.4 中批修改)导航生产上位机\laser\debug\windroseseries.obj
c:\users\0\desktop\(v10.4 中批修改)导航生产上位机 自动偏心修正0604 cfile加了close 回零100改50 v100\(v10.4 中批修改)导航生产上位机\laser\debug\worldseries.obj
c:\users\0\desktop\(v10.4 中批修改)导航生产上位机 自动偏心修正0604 cfile加了close 回零100改50 v100\(v10.4 中批修改)导航生产上位机\laser\debug\writelog.obj
c:\users\0\desktop\(v10.4 中批修改)导航生产上位机 自动偏心修正0604 cfile加了close 回零100改50 v100\(v10.4 中批修改)导航生产上位机\laser\debug\xamlexport.obj
c:\users\0\desktop\(v10.4 中批修改)导航生产上位机 自动偏心修正0604 cfile加了close 回零100改50 v100\(v10.4 中批修改)导航生产上位机\laser\debug\xlsexport.obj
c:\users\0\desktop\(v10.4 中批修改)导航生产上位机 自动偏心修正0604 cfile加了close 回零100改50 v100\(v10.4 中批修改)导航生产上位机\laser\debug\xmlexport.obj
c:\users\0\desktop\(v10.4 中批修改)导航生产上位机 自动偏心修正0604 cfile加了close 回零100改50 v100\(v10.4 中批修改)导航生产上位机\laser\debug\zoom.obj
c:\users\0\desktop\(v10.4 中批修改)导航生产上位机 自动偏心修正0604 cfile加了close 回零100改50 v100\(v10.4 中批修改)导航生产上位机\laser\debug\zoomfilter.obj
c:\users\0\desktop\(v10.4 中批修改)导航生产上位机 自动偏心修正0604 cfile加了close 回零100改50 v100\(v10.4 中批修改)导航生产上位机\laser\debug\msado15.tli
c:\users\0\desktop\(v10.4 中批修改)导航生产上位机 自动偏心修正0604 cfile加了close 回零100改50 v100\(v10.4 中批修改)导航生产上位机\laser\debug\teechart8.tli
c:\users\0\desktop\(v10.4 中批修改)导航生产上位机 自动偏心修正0604 cfile加了close 回零100改50 v100\(v10.4 中批修改)导航生产上位机\laser\debug\msado15.tlh
c:\users\0\desktop\(v10.4 中批修改)导航生产上位机 自动偏心修正0604 cfile加了close 回零100改50 v100\(v10.4 中批修改)导航生产上位机\laser\debug\teechart8.tlh
c:\users\0\desktop\(v10.4 中批修改)导航生产上位机 自动偏心修正0604 cfile加了close 回零100改50 v100\(v10.4 中批修改)导航生产上位机\laser\debug\cl.command.1.tlog
c:\users\0\desktop\(v10.4 中批修改)导航生产上位机 自动偏心修正0604 cfile加了close 回零100改50 v100\(v10.4 中批修改)导航生产上位机\laser\debug\cl.read.1.tlog
c:\users\0\desktop\(v10.4 中批修改)导航生产上位机 自动偏心修正0604 cfile加了close 回零100改50 v100\(v10.4 中批修改)导航生产上位机\laser\debug\cl.write.1.tlog
c:\users\0\desktop\(v10.4 中批修改)导航生产上位机 自动偏心修正0604 cfile加了close 回零100改50 v100\(v10.4 中批修改)导航生产上位机\laser\debug\link-cvtres.read.1.tlog
c:\users\0\desktop\(v10.4 中批修改)导航生产上位机 自动偏心修正0604 cfile加了close 回零100改50 v100\(v10.4 中批修改)导航生产上位机\laser\debug\link-cvtres.write.1.tlog
c:\users\0\desktop\(v10.4 中批修改)导航生产上位机 自动偏心修正0604 cfile加了close 回零100改50 v100\(v10.4 中批修改)导航生产上位机\laser\debug\link.command.1.tlog
c:\users\0\desktop\(v10.4 中批修改)导航生产上位机 自动偏心修正0604 cfile加了close 回零100改50 v100\(v10.4 中批修改)导航生产上位机\laser\debug\link.read.1.tlog
c:\users\0\desktop\(v10.4 中批修改)导航生产上位机 自动偏心修正0604 cfile加了close 回零100改50 v100\(v10.4 中批修改)导航生产上位机\laser\debug\link.write.1.tlog
c:\users\0\desktop\(v10.4 中批修改)导航生产上位机 自动偏心修正0604 cfile加了close 回零100改50 v100\(v10.4 中批修改)导航生产上位机\laser\debug\mt.command.1.tlog
c:\users\0\desktop\(v10.4 中批修改)导航生产上位机 自动偏心修正0604 cfile加了close 回零100改50 v100\(v10.4 中批修改)导航生产上位机\laser\debug\mt.read.1.tlog
c:\users\0\desktop\(v10.4 中批修改)导航生产上位机 自动偏心修正0604 cfile加了close 回零100改50 v100\(v10.4 中批修改)导航生产上位机\laser\debug\mt.write.1.tlog
c:\users\0\desktop\(v10.4 中批修改)导航生产上位机 自动偏心修正0604 cfile加了close 回零100改50 v100\(v10.4 中批修改)导航生产上位机\laser\debug\rc.command.1.tlog
c:\users\0\desktop\(v10.4 中批修改)导航生产上位机 自动偏心修正0604 cfile加了close 回零100改50 v100\(v10.4 中批修改)导航生产上位机\laser\debug\rc.read.1.tlog
c:\users\0\desktop\(v10.4 中批修改)导航生产上位机 自动偏心修正0604 cfile加了close 回零100改50 v100\(v10.4 中批修改)导航生产上位机\laser\debug\rc.write.1.tlog
c:\users\0\desktop\(v10.4 中批修改)导航生产上位机 自动偏心修正0604 cfile加了close 回零100改50 v100\(v10.4 中批修改)导航生产上位机\laser\debug\laser.exe.embed.manifest
c:\users\0\desktop\(v10.4 中批修改)导航生产上位机 自动偏心修正0604 cfile加了close 回零100改50 v100\(v10.4 中批修改)导航生产上位机\laser\debug\laser.exe.intermediate.manifest
c:\users\0\desktop\(v10.4 中批修改)导航生产上位机 自动偏心修正0604 cfile加了close 回零100改50 v100\(v10.4 中批修改)导航生产上位机\laser\debug\laser.exe.embed.manifest.res
c:\users\0\desktop\(v10.4 中批修改)导航生产上位机 自动偏心修正0604 cfile加了close 回零100改50 v100\(v10.4 中批修改)导航生产上位机\laser\debug\laser.res
c:\users\0\desktop\(v10.4 中批修改)导航生产上位机 自动偏心修正0604 cfile加了close 回零100改50 v100\(v10.4 中批修改)导航生产上位机\laser\debug\laser.pch
c:\users\0\desktop\(v10.4 中批修改)导航生产上位机 自动偏心修正0604 cfile加了close 回零100改50 v100\(v10.4 中批修改)导航生产上位机\laser\debug\vc100.idb
c:\users\0\desktop\(v10.4 中批修改)导航生产上位机 自动偏心修正0604 cfile加了close 回零100改50 v100\(v10.4 中批修改)导航生产上位机\laser\debug\vc100.pdb
c:\users\0\desktop\(v10.4 中批修改)导航生产上位机 自动偏心修正0604 cfile加了close 回零100改50 v100\(v10.4 中批修改)导航生产上位机\laser\debug\laser_manifest.rc
c:\users\0\desktop\(v10.4 中批修改)导航生产上位机 自动偏心修正0604 cfile加了close 回零100改50 v100\(v10.4 中批修改)导航生产上位机\debug\laser.pdb
c:\users\0\desktop\(v10.4 中批修改)导航生产上位机 自动偏心修正0604 cfile加了close 回零100改50 v100\(v10.4 中批修改)导航生产上位机\debug\laser.exe
c:\users\0\desktop\(v10.4 中批修改)导航生产上位机 自动偏心修正0604 cfile加了close 回零100改50 v100\(v10.4 中批修改)导航生产上位机\debug\laser.ilk
